#
# There is insufficient memory for the Java Runtime Environment to continue.
# Native memory allocation (malloc) failed to allocate 32744 bytes. Error detail: Chunk::new
# Possible reasons:
#   The system is out of physical RAM or swap space
#   This process is running with CompressedOops enabled, and the Java Heap may be blocking the growth of the native heap
# Possible solutions:
#   Reduce memory load on the system
#   Increase physical memory or swap space
#   Check if swap backing store is full
#   Decrease Java heap size (-Xmx/-Xms)
#
#  Out of Memory Error
#
# 
  (no source info available)
V  [jvm.dll+0x8d9ca3]  (no source info available)
V  [jvm.dll+0x8dc13d]  (no source info available)
V  [jvm.dll+0x8dc7b3]  (no source info available)
V  [jvm.dll+0x2aa046]  (no source info available)
V  [jvm.dll+0xced8f]  (no source info available)
V  [jvm.dll+0xcefef]  (no source info available)
V  [jvm.dll+0x272b62]  (no source info available)
V  [jvm.dll+0x272c59]  (no source info available)
V  [jvm.dll+0x3ccf45]  (no source info available)
V  [jvm.dll+0x61c1f5]  (no source info available)
V  [jvm.dll+0x620ffa]  (no source info available)
V  [jvm.dll+0x60a054]  (no source info available)
V  [jvm.dll+0x31f3ff]  (no source info available)
V  [jvm.dll+0x74a05b]  (no source info available)
V  [jvm.dll+0x74265f]  (no source info available)
V  [jvm.dll+0x741a97]  (no source info available)
V  [jvm.dll+0x73fc9d]  (no source info available)
V  [jvm.dll+0x1ece5c]  (no source info available)
V  [jvm.dll+0x31f3ff]  (no source info available)
V  [jvm.dll+0x74a05b]  (no source info available)
V  [jvm.dll+0x74265f]  (no source info available)
V  [jvm.dll+0x741a97]  (no source info available)
V  [jvm.dll+0x73fc9d]  (no source info available)
V  [jvm.dll+0x1ece5c]  (no source info available)
V  [jvm.dll+0x31f3ff]  (no source info available)
V  [jvm.dll+0x74a05b]  (no source info available)
V  [jvm.dll+0x74265f]  (no source info available)
V  [jvm.dll+0x741a97]  (no source info available)
V  [jvm.dll+0x73fc9d]  (no source info available)
V  [jvm.dll+0x1ece5c]  (no source info available)
V  [jvm.dll+0x31f3ff]  (no source info available)
V  [jvm.dll+0x74a05b]  (no source info available)
V  [jvm.dll+0x74265f]  (no source info available)
V  [jvm.dll+0x741a97]  (no source info available)
V  [jvm.dll+0x73fc9d]  (no source info available)
V  [jvm.dll+0x1ece5c]  (no source info available)
V  [jvm.dll+0x1eda23]  (no source info available)
V  [jvm.dll+0x31f3ff]  (no source info available)
V  [jvm.dll+0x74a05b]  (no source info available)
V  [jvm.dll+0x74265f]  (no source info available)
V  [jvm.dll+0x741a97]  (no source info available)
V  [jvm.dll+0x73fc9d]  (no source info available)
V  [jvm.dll+0x1ece5c]  (no source info available)
V  [jvm.dll+0x26e6be]  (no source info available)
V  [jvm.dll+0x1e9d00]  (no source info available)
V  [jvm.dll+0x27e1bb]  (no source info available)
V  [jvm.dll+0x27c45a]  (no source info available)
V  [jvm.dll+0x42f566]  (no source info available)
V  [jvm.dll+0x87d8fb]  (no source info available)
V  [jvm.dll+0x72efe5]  (no source info available)
C  [ucrtbase.dll+0x37b0]  (no source info available)
C  [KERNEL32.DLL+0x2e8d7]  (no source info available)
C  [ntdll.dll+0x128dc]  (no source info available)

Lock stack of current Java thread (top to bottom):


---------------  P R O C E S S  ---------------

Threads class SMR info:
_java_thread_list=0x000001dbe4498f50, length=43, elements={
0x000001db9eb52250, 0x000001db9eb52b90, 0x000001db9eb59150, 0x000001db9eb5c280,
0x000001db9eb5aa50, 0x000001db9eb5b580, 0x000001db9eb5ebb0, 0x000001db9eb6e2d0,
0x000001db9ec338a0, 0x000001dbe40ef750, 0x000001dbe40efe90, 0x000001dbe6dfcc60,
0x000001dbe6dfc510, 0x000001dbe6dfa7d0, 0x000001dbe7f2cf90, 0x000001dbe7f2fb70,
0x000001dbe7f2d6e0, 0x000001dbe7f31160, 0x000001dbe7f2de30, 0x000001dbe7f318b0,
0x000001dbe7f2e580, 0x000001dbe7f32ea0, 0x000001dbe7f32000, 0x000001dbe7f32750,
0x000001dbe7f335f0, 0x000001dbe7f33d40, 0x000001dbe68c2880, 0x000001dbe68c5460,
0x000001dbe68c2fd0, 0x000001dbe68c45c0, 0x000001dbe68c3720, 0x000001dbe68c5bb0,
0x000001dbe68c3e70, 0x000001dbe5505f20, 0x000001dbe5506670, 0x000001dbe5506dc0,
0x000001dbe5503a90, 0x000001dbe55057d0, 0x000001dbe5504930, 0x000001dbe5505080,
0x000001dbe55041e0, 0x000001dbe5508b00, 0x000001dbe550a840
}

Java Threads: ( => current thread )
  0x000001db9eb52250 JavaThread "Reference Handler"          daemon [_thread_blocked, id=7176, stack(0x000000646dd00000,0x000000646de00000) (1024K)]
  0x000001db9eb52b90 JavaThread "Finalizer"                  daemon [_thread_blocked, id=17532, stack(0x000000646de00000,0x000000646df00000) (1024K)]
  0x000001db9eb59150 JavaThread "Signal Dispatcher"          daemon [_thread_blocked, id=2864, stack(0x000000646df00000,0x000000646e000000) (1024K)]
  0x000001db9eb5c280 JavaThread "Attach Listener"            daemon [_thread_blocked, id=9196, stack(0x000000646e000000,0x000000646e100000) (1024K)]
  0x000001db9eb5aa50 JavaThread "Service Thread"             daemon [_thread_blocked, id=3512, stack(0x000000646e100000,0x000000646e200000) (1024K)]
  0x000001db9eb5b580 JavaThread "Monitor Deflation Thread"   daemon [_thread_blocked, id=13120, stack(0x000000646e200000,0x000000646e300000) (1024K)]
=>0x000001db9eb5ebb0 JavaThread "C2 CompilerThread0"         daemon [_thread_in_native, id=3604, stack(0x000000646e300000,0x000000646e400000) (1024K)]
  0x000001db9eb6e2d0 JavaThread "C1 CompilerThread0"         daemon [_thread_blocked, id=19652, stack(0x000000646e400000,0x000000646e500000) (1024K)]
  0x000001db9ec338a0 JavaThread "Common-Cleaner"             daemon [_thread_blocked, id=16772, stack(0x000000646e500000,0x000000646e600000) (1024K)]
  0x000001dbe40ef750 JavaThread "Monitor Ctrl-Break"         daemon [_thread_in_native, id=20288, stack(0x000000646e600000,0x000000646e700000) (1024K)]
  0x000001dbe40efe90 JavaThread "Notification Thread"        daemon [_thread_blocked, id=11904, stack(0x000000646e700000,0x000000646e800000) (1024K)]
  0x000001dbe6dfcc60 JavaThread "Catalina-utility-1"                [_thread_blocked, id=11672, stack(0x000000646f300000,0x000000646f400000) (1024K)]
  0x000001dbe6dfc510 JavaThread "Catalina-utility-2"                [_thread_blocked, id=14248, stack(0x000000646f400000,0x000000646f500000) (1024K)]
  0x000001dbe6dfa7d0 JavaThread "container-0"                       [_thread_blocked, id=15112, stack(0x000000646f500000,0x000000646f600000) (1024K)]
  0x000001dbe7f2cf90 JavaThread "spectator-gauge-polling-0"  daemon [_thread_blocked, id=9008, stack(0x000000646f800000,0x000000646f900000) (1024K)]
  0x000001dbe7f2fb70 JavaThread "AsyncResolver-bootstrap-%d" daemon [_thread_blocked, id=17252, stack(0x000000646f900000,0x000000646fa00000) (1024K)]
  0x000001dbe7f2d6e0 JavaThread "DiscoveryClient-%d"         daemon [_thread_blocked, id=20108, stack(0x000000646fb00000,0x000000646fc00000) (1024K)]
  0x000001dbe7f31160 JavaThread "DiscoveryClient-%d"         daemon [_thread_blocked, id=8596, stack(0x000000646fc00000,0x000000646fd00000) (1024K)]
  0x000001dbe7f2de30 JavaThread "DiscoveryClient-InstanceInfoReplicator-%d" daemon [_thread_blocked, id=14800, stack(0x000000646fd00000,0x000000646fe00000) (1024K)]
  0x000001dbe7f318b0 JavaThread "Eureka-DeltaRetentionTimer" daemon [_thread_blocked, id=17660, stack(0x000000646fe00000,0x000000646ff00000) (1024K)]
  0x000001dbe7f2e580 JavaThread "Eureka-EvictionTimer"       daemon [_thread_blocked, id=18128, stack(0x000000646ff00000,0x0000006470000000) (1024K)]
  0x000001dbe7f32ea0 JavaThread "Eureka-MeasureRateTimer"    daemon [_thread_blocked, id=4208, stack(0x0000006470000000,0x0000006470100000) (1024K)]
  0x000001dbe7f32000 JavaThread "ReplicaAwareInstanceRegistry - RenewalThresholdUpdater" daemon [_thread_blocked, id=19672, stack(0x0000006470100000,0x0000006470200000) (1024K)]
  0x000001dbe7f32750 JavaThread "Eureka-MeasureRateTimer"    daemon [_thread_blocked, id=20008, stack(0x0000006470200000,0x0000006470300000) (1024K)]
  0x000001dbe7f335f0 JavaThread "Eureka-PeerNodesUpdater"    daemon [_thread_blocked, id=20352, stack(0x0000006470300000,0x0000006470400000) (1024K)]
  0x000001dbe7f33d40 JavaThread "Eureka-CacheFillTimer"      daemon [_thread_blocked, id=14664, stack(0x0000006470400000,0x0000006470500000) (1024K)]
  0x000001dbe68c2880 JavaThread "http-nio-8761-exec-1"       daemon [_thread_blocked, id=5208, stack(0x0000006470600000,0x0000006470700000) (1024K)]
  0x000001dbe68c5460 JavaThread "http-nio-8761-exec-2"       daemon [_thread_blocked, id=6892, stack(0x0000006470700000,0x0000006470800000) (1024K)]
  0x000001dbe68c2fd0 JavaThread "http-nio-8761-exec-3"       daemon [_thread_blocked, id=20164, stack(0x0000006470800000,0x0000006470900000) (1024K)]
  0x000001dbe68c45c0 JavaThread "http-nio-8761-exec-4"       daemon [_thread_blocked, id=3728, stack(0x0000006470900000,0x0000006470a00000) (1024K)]
  0x000001dbe68c3720 JavaThread "http-nio-8761-exec-5"       daemon [_thread_blocked, id=16536, stack(0x0000006470a00000,0x0000006470b00000) (1024K)]
  0x000001dbe68c5bb0 JavaThread "http-nio-8761-exec-6"       daemon [_thread_blocked, id=3396, stack(0x0000006470b00000,0x0000006470c00000) (1024K)]
  0x000001dbe68c3e70 JavaThread "http-nio-8761-exec-7"       daemon [_thread_blocked, id=19120, stack(0x0000006470c00000,0x0000006470d00000) (1024K)]
  0x000001dbe5505f20 JavaThread "http-nio-8761-exec-8"       daemon [_thread_blocked, id=8884, stack(0x0000006470d00000,0x0000006470e00000) (1024K)]
  0x000001dbe5506670 JavaThread "http-nio-8761-exec-9"       daemon [_thread_blocked, id=19944, stack(0x0000006470e00000,0x0000006470f00000) (1024K)]
  0x000001dbe5506dc0 JavaThread "http-nio-8761-exec-10"      daemon [_thread_blocked, id=18796, stack(0x0000006470f00000,0x0000006471000000) (1024K)]
  0x000001dbe5503a90 JavaThread "http-nio-8761-Poller"       daemon [_thread_in_native, id=17148, stack(0x0000006471000000,0x0000006471100000) (1024K)]
  0x000001dbe55057d0 JavaThread "http-nio-8761-Acceptor"     daemon [_thread_in_native, id=12608, stack(0x0000006471100000,0x0000006471200000) (1024K)]
  0x000001dbe5504930 JavaThread "Keep-Alive-Timer"           daemon [_thread_blocked, id=13636, stack(0x0000006471300000,0x0000006471400000) (1024K)]
  0x000001dbe5505080 JavaThread "DestroyJavaVM"                     [_thread_blocked, id=4796, stack(0x000000646d500000,0x000000646d600000) (1024K)]
  0x000001dbe55041e0 JavaThread "DiscoveryClient-HeartbeatExecutor-%d" daemon [_thread_blocked, id=15968, stack(0x000000646ee00000,0x000000646ef00000) (1024K)]
  0x000001dbe5508b00 JavaThread "DiscoveryClient-CacheRefreshExecutor-%d" daemon [_thread_blocked, id=16588, stack(0x000000646ef00000,0x000000646f000000) (1024K)]
  0x000001dbe550a840 JavaThread "AsyncResolver-bootstrap-executor-%d" daemon [_thread_blocked, id=16692, stack(0x000000646d200000,0x000000646d300000) (1024K)]
Total: 43

Other Threads:
  0x000001db9eb3fe40 VMThread "VM Thread"                           [id=13900, stack(0x000000646dc00000,0x000000646dd00000) (1024K)]
  0x000001db9eb32d00 WatcherThread "VM Periodic Task Thread"        [id=20444, stack(0x000000646db00000,0x000000646dc00000) (1024K)]
  0x000001db81cc55e0 WorkerThread "GC Thread#0"                     [id=20180, stack(0x000000646d600000,0x000000646d700000) (1024K)]
  0x000001dbe4c517b0 WorkerThread "GC Thread#1"                     [id=3088, stack(0x000000646ea00000,0x000000646eb00000) (1024K)]
  0x000001dbe4c51b60 WorkerThread "GC Thread#2"                     [id=11780, stack(0x000000646eb00000,0x000000646ec00000) (1024K)]
  0x000001dbe4c51f10 WorkerThread "GC Thread#3"                     [id=10608, stack(0x000000646ec00000,0x000000646ed00000) (1024K)]
  0x000001dbe4d02c00 WorkerThread "GC Thread#4"                     [id=2956, stack(0x000000646ed00000,0x000000646ee00000) (1024K)]
  0x000001dbe5229270 WorkerThread "GC Thread#5"                     [id=5896, stack(0x000000646e900000,0x000000646ea00000) (1024K)]
  0x000001dbe56f4be0 WorkerThread "GC Thread#6"                     [id=6852, stack(0x000000646f000000,0x000000646f100000) (1024K)]
  0x000001dbe56f4830 WorkerThread "GC Thread#7"                     [id=9020, stack(0x000000646f100000,0x000000646f200000) (1024K)]
  0x000001db81cd9ff0 ConcurrentGCThread "G1 Main Marker"            [id=5048, stack(0x000000646d700000,0x000000646d800000) (1024K)]
  0x000001db81cdca00 WorkerThread "G1 Conc#0"                       [id=10632, stack(0x000000646d800000,0x000000646d900000) (1024K)]
  0x000001dbe56f56f0 WorkerThread "G1 Conc#1"                       [id=20048, stack(0x000000646f200000,0x000000646f300000) (1024K)]
  0x000001db9e9f0ed0 ConcurrentGCThread "G1 Refine#0"               [id=11500, stack(0x000000646d900000,0x000000646da00000) (1024K)]
  0x000001db9e9f1860 ConcurrentGCThread "G1 Service"                [id=15996, stack(0x000000646da00000,0x000000646db00000) (1024K)]
Total: 15

Threads with active compile tasks:
C2 CompilerThread0  1634591 9710   !   4       org.apache.tomcat.util.buf.StringCache::toString (614 bytes)
Total: 1

VM state: not at safepoint (normal execution)

VM Mutex/Monitor currently owned by a thread: None

Heap address: 0x0000000082800000, size: 2008 MB, Compressed Oops mode: 32-bit

CDS archive(s) mapped at: [0x000001db9f000000-0x000001db9fd40000-0x000001db9fd40000), size 13893632, SharedBaseAddress: 0x000001db9f000000, ArchiveRelocationMode: 1.
Compressed class space mapped at: 0x000001dba0000000-0x000001dbe0000000, reserved size: 1073741824
UseCompressedClassPointers 1, UseCompactObjectHeaders 0
Narrow klass pointer bits 32, Max shift 3
Narrow klass base: 0x000001db9f000000, Narrow klass shift: 0
Encoding Range: [0x000001db9f000000 - 0x000001dc9f000000), (4294967296 bytes)
Klass Range:    [0x000001db9f000000 - 0x000001dbe0000000), (1090519040 bytes)
Klass ID Range:  [8 - 1090519033) (1090519025)

GC Precious Log:
 CardTable entry size: 512
 Card Set container configuration: InlinePtr #cards 5 size 8 Array Of Cards #cards 10 size 36 Howl #buckets 4 coarsen threshold 1843 Howl Bitmap #cards 512 size 80 coarsen threshold 460 Card regions per heap region 1 cards per card region 2048
 CPUs: 8 total, 8 available
 Memory: 8029M
 Large Page Support: Disabled
 NUMA Support: Disabled
 Compressed Oops: Enabled (32-bit)
 Heap Region Size: 1M
 Heap Min Capacity: 8M
 Heap Initial Capacity: 126M
 Heap Max Capacity: 2008M
 Pre-touch: Disabled
 Parallel Workers: 8
 Concurrent Workers: 2
 Concurrent Refinement Workers: 8
 Periodic GC: Disabled

Heap:
 garbage-first heap   total reserved 2056192K, committed 82944K, used 69568K [0x0000000082800000, 0x0000000100000000)
  region size 1024K, 29 young (29696K), 1 survivors (1024K)
 Metaspace       used 61260K, committed 61952K, reserved 1114112K
  class space    used 6789K, committed 7104K, reserved 1048576K

Heap Regions: E=young(eden), S=young(survivor), O=old, HS=humongous(starts), HC=humongous(continues), CS=collection set, F=free, TAMS=top-at-mark-start, PB=parsable bottom
|   0|0x0000000082800000, 0x0000000082900000, 0x0000000082900000|100%|HS|  |TAMS 0x0000000082800000| PB 0x0000000082800000| Complete |  0
|   1|0x0000000082900000, 0x0000000082a00000, 0x0000000082a00000|100%| O|  |TAMS 0x0000000082900000| PB 0x0000000082900000| Untracked |  0
|   2|0x0000000082a00000, 0x0000000082b00000, 0x0000000082b00000|100%| O|  |TAMS 0x0000000082a00000| PB 0x0000000082a00000| Untracked |  0
|   3|0x0000000082b00000, 0x0000000082c00000, 0x0000000082c00000|100%| O|  |TAMS 0x0000000082b00000| PB 0x0000000082b00000| Untracked |  0
|   4|0x0000000082c00000, 0x0000000082d00000, 0x0000000082d00000|100%| O|  |TAMS 0x0000000082c00000| PB 0x0000000082c00000| Untracked |  0
|   5|0x0000000082d00000, 0x0000000082e00000, 0x0000000082e00000|100%| O|  |TAMS 0x0000000082d00000| PB 0x0000000082d00000| Untracked |  0
|   6|0x0000000082e00000, 0x0000000082f00000, 0x0000000082f00000|100%| O|  |TAMS 0x0000000082e00000| PB 0x0000000082e00000| Untracked |  0
|   7|0x0000000082f00000, 0x0000000083000000, 0x0000000083000000|100%| O|  |TAMS 0x0000000082f00000| PB 0x0000000082f00000| Untracked |  0
|   8|0x0000000083000000, 0x0000000083100000, 0x0000000083100000|100%| O|  |TAMS 0x0000000083000000| PB 0x0000000083000000| Untracked |  0
|   9|0x0000000083100000, 0x0000000083200000, 0x0000000083200000|100%| O|  |TAMS 0x0000000083100000| PB 0x0000000083100000| Untracked |  0
|  10|0x0000000083200000, 0x0000000083300000, 0x0000000083300000|100%| O|  |TAMS 0x0000000083200000| PB 0x0000000083200000| Untracked |  0
|  11|0x0000000083300000, 0x0000000083400000, 0x0000000083400000|100%| O|  |TAMS 0x0000000083300000| PB 0x0000000083300000| Untracked |  0
|  12|0x0000000083400000, 0x0000000083500000, 0x0000000083500000|100%| O|  |TAMS 0x0000000083400000| PB 0x0000000083400000| Untracked |  0
|  13|0x0000000083500000, 0x0000000083600000, 0x0000000083600000|100%| O|  |TAMS 0x0000000083500000| PB 0x0000000083500000| Untracked |  0
|  14|0x0000000083600000, 0x0000000083700000, 0x0000000083700000|100%| O|  |TAMS 0x0000000083600000| PB 0x0000000083600000| Untracked |  0
|  15|0x0000000083700000, 0x0000000083800000, 0x0000000083800000|100%| O|  |TAMS 0x0000000083700000| PB 0x0000000083700000| Untracked |  0
|  16|0x0000000083800000, 0x00000000838efec8, 0x0000000083900000| 93%| O|Cm|TAMS 0x0000000083800000| PB 0x0000000083800000| Complete |  0
|  17|0x0000000083900000, 0x0000000083a00000, 0x0000000083a00000|100%| O|  |TAMS 0x0000000083900000| PB 0x0000000083900000| Untracked |  0
|  18|0x0000000083a00000, 0x0000000083b00000, 0x0000000083b00000|100%| O|  |TAMS 0x0000000083a00000| PB 0x0000000083a00000| Untracked |  0
|  19|0x0000000083b00000, 0x0000000083c00000, 0x0000000083c00000|100%| O|  |TAMS 0x0000000083b00000| PB 0x0000000083b00000| Untracked |  0
|  20|0x0000000083c00000, 0x0000000083d00000, 0x0000000083d00000|100%| O|Cm|TAMS 0x0000000083c00000| PB 0x0000000083c00000| Complete |  0
|  21|0x0000000083d00000, 0x0000000083e00000, 0x0000000083e00000|100%| O|  |TAMS 0x0000000083d00000| PB 0x0000000083d00000| Untracked |  0
|  22|0x0000000083e00000, 0x0000000083f00000, 0x0000000083f00000|100%| O|  |TAMS 0x0000000083e00000| PB 0x0000000083e00000| Untracked |  0
|  23|0x0000000083f00000, 0x0000000084000000, 0x0000000084000000|100%| O|  |TAMS 0x0000000083f00000| PB 0x0000000083f00000| Untracked |  0
|  24|0x0000000084000000, 0x0000000084100000, 0x0000000084100000|100%| O|  |TAMS 0x0000000084000000| PB 0x0000000084000000| Untracked |  0
|  25|0x0000000084100000, 0x0000000084200000, 0x0000000084200000|100%| O|  |TAMS 0x0000000084100000| PB 0x0000000084100000| Untracked |  0
|  26|0x0000000084200000, 0x0000000084300000, 0x0000000084300000|100%| O|  |TAMS 0x0000000084200000| PB 0x0000000084200000| Untracked |  0
|  27|0x0000000084300000, 0x0000000084400000, 0x0000000084400000|100%| O|  |TAMS 0x0000000084300000| PB 0x0000000084300000| Untracked |  0
|  28|0x0000000084400000, 0x0000000084500000, 0x0000000084500000|100%| O|  |TAMS 0x0000000084400000| PB 0x0000000084400000| Untracked |  0
|  29|0x0000000084500000, 0x0000000084600000, 0x0000000084600000|100%| O|  |TAMS 0x0000000084500000| PB 0x0000000084500000| Untracked |  0
|  30|0x0000000084600000, 0x0000000084700000, 0x0000000084700000|100%| O|  |TAMS 0x0000000084600000| PB 0x0000000084600000| Untracked |  0
|  31|0x0000000084700000, 0x0000000084800000, 0x0000000084800000|100%| O|  |TAMS 0x0000000084700000| PB 0x0000000084700000| Untracked |  0
|  32|0x0000000084800000, 0x0000000084900000, 0x0000000084900000|100%| O|  |TAMS 0x0000000084800000| PB 0x0000000084800000| Untracked |  0
|  33|0x0000000084900000, 0x0000000084a00000, 0x0000000084a00000|100%| O|  |TAMS 0x0000000084900000| PB 0x0000000084900000| Untracked |  0
|  34|0x0000000084a00000, 0x0000000084b00000, 0x0000000084b00000|100%| O|  |TAMS 0x0000000084a00000| PB 0x0000000084a00000| Untracked |  0
|  35|0x0000000084b00000, 0x0000000084c00000, 0x0000000084c00000|100%| O|  |TAMS 0x0000000084b00000| PB 0x0000000084b00000| Untracked |  0
|  36|0x0000000084c00000, 0x0000000084d00000, 0x0000000084d00000|100%| O|  |TAMS 0x0000000084c00000| PB 0x0000000084c00000| Untracked |  0
|  37|0x0000000084d00000, 0x0000000084e00000, 0x0000000084e00000|100%| O|  |TAMS 0x0000000084d00000| PB 0x0000000084d00000| Untracked |  0
|  38|0x0000000084e00000, 0x0000000084f00000, 0x0000000084f00000|100%| O|  |TAMS 0x0000000084e00000| PB 0x0000000084e00000| Untracked |  0
|  39|0x0000000084f00000, 0x0000000084f00000, 0x0000000085000000|  0%| F|  |TAMS 0x0000000084f00000| PB 0x0000000084f00000| Untracked |  0
|  40|0x0000000085000000, 0x0000000085000000, 0x0000000085100000|  0%| F|  |TAMS 0x0000000085000000| PB 0x0000000085000000| Untracked |  0
|  41|0x0000000085100000, 0x0000000085100000, 0x0000000085200000|  0%| F|  |TAMS 0x0000000085100000| PB 0x0000000085100000| Untracked |  0
|  42|0x0000000085200000, 0x00000000852553c0, 0x0000000085300000| 33%| O|  |TAMS 0x0000000085200000| PB 0x0000000085200000| Untracked |  0
|  43|0x0000000085300000, 0x0000000085300000, 0x0000000085400000|  0%| F|  |TAMS 0x0000000085300000| PB 0x0000000085300000| Untracked |  0
|  44|0x0000000085400000, 0x0000000085400000, 0x0000000085500000|  0%| F|  |TAMS 0x0000000085400000| PB 0x0000000085400000| Untracked |  0
|  45|0x0000000085500000, 0x0000000085500000, 0x0000000085600000|  0%| F|  |TAMS 0x0000000085500000| PB 0x0000000085500000| Untracked |  0
|  46|0x0000000085600000, 0x0000000085600000, 0x0000000085700000|  0%| F|  |TAMS 0x0000000085600000| PB 0x0000000085600000| Untracked |  0
|  47|0x0000000085700000, 0x0000000085700000, 0x0000000085800000|  0%| F|  |TAMS 0x0000000085700000| PB 0x0000000085700000| Untracked |  0
|  48|0x0000000085800000, 0x0000000085800000, 0x0000000085900000|  0%| F|  |TAMS 0x0000000085800000| PB 0x0000000085800000| Untracked |  0
|  49|0x0000000085900000, 0x0000000085900000, 0x0000000085a00000|  0%| F|  |TAMS 0x0000000085900000| PB 0x0000000085900000| Untracked |  0
|  50|0x0000000085a00000, 0x0000000085a00000, 0x0000000085b00000|  0%| F|  |TAMS 0x0000000085a00000| PB 0x0000000085a00000| Untracked |  0
|  51|0x0000000085b00000, 0x0000000085b56d30, 0x0000000085c00000| 33%| E|  |TAMS 0x0000000085b00000| PB 0x0000000085b00000| Complete |  0
|  52|0x0000000085c00000, 0x0000000085d00000, 0x0000000085d00000|100%| E|CS|TAMS 0x0000000085c00000| PB 0x0000000085c00000| Complete |  0
|  53|0x0000000085d00000, 0x0000000085e00000, 0x0000000085e00000|100%| E|CS|TAMS 0x0000000085d00000| PB 0x0000000085d00000| Complete |  0
|  54|0x0000000085e00000, 0x0000000085f00000, 0x0000000085f00000|100%| E|CS|TAMS 0x0000000085e00000| PB 0x0000000085e00000| Complete |  0
|  55|0x0000000085f00000, 0x0000000086000000, 0x0000000086000000|100%| E|CS|TAMS 0x0000000085f00000| PB 0x0000000085f00000| Complete |  0
|  56|0x0000000086000000, 0x0000000086100000, 0x0000000086100000|100%| E|CS|TAMS 0x0000000086000000| PB 0x0000000086000000| Complete |  0
|  57|0x0000000086100000, 0x0000000086200000, 0x0000000086200000|100%| E|CS|TAMS 0x0000000086100000| PB 0x0000000086100000| Complete |  0
|  58|0x0000000086200000, 0x0000000086300000, 0x0000000086300000|100%| E|CS|TAMS 0x0000000086200000| PB 0x0000000086200000| Complete |  0
|  59|0x0000000086300000, 0x0000000086400000, 0x0000000086400000|100%| E|CS|TAMS 0x0000000086300000| PB 0x0000000086300000| Complete |  0
|  60|0x0000000086400000, 0x0000000086500000, 0x0000000086500000|100%| E|CS|TAMS 0x0000000086400000| PB 0x0000000086400000| Complete |  0
|  61|0x0000000086500000, 0x0000000086600000, 0x0000000086600000|100%| E|CS|TAMS 0x0000000086500000| PB 0x0000000086500000| Complete |  0
|  62|0x0000000086600000, 0x0000000086700000, 0x0000000086700000|100%| E|CS|TAMS 0x0000000086600000| PB 0x0000000086600000| Complete |  0
|  63|0x0000000086700000, 0x0000000086800000, 0x0000000086800000|100%| E|CS|TAMS 0x0000000086700000| PB 0x0000000086700000| Complete |  0
|  64|0x0000000086800000, 0x0000000086900000, 0x0000000086900000|100%| E|CS|TAMS 0x0000000086800000| PB 0x0000000086800000| Complete |  0
|  65|0x0000000086900000, 0x0000000086a00000, 0x0000000086a00000|100%| E|CS|TAMS 0x0000000086900000| PB 0x0000000086900000| Complete |  0
|  66|0x0000000086a00000, 0x0000000086b00000, 0x0000000086b00000|100%| E|CS|TAMS 0x0000000086a00000| PB 0x0000000086a00000| Complete |  0
|  67|0x0000000086b00000, 0x0000000086c00000, 0x0000000086c00000|100%| E|CS|TAMS 0x0000000086b00000| PB 0x0000000086b00000| Complete |  0
|  68|0x0000000086c00000, 0x0000000086d00000, 0x0000000086d00000|100%| E|CS|TAMS 0x0000000086c00000| PB 0x0000000086c00000| Complete |  0
|  69|0x0000000086d00000, 0x0000000086e00000, 0x0000000086e00000|100%| E|CS|TAMS 0x0000000086d00000| PB 0x0000000086d00000| Complete |  0
|  70|0x0000000086e00000, 0x0000000086f00000, 0x0000000086f00000|100%| E|CS|TAMS 0x0000000086e00000| PB 0x0000000086e00000| Complete |  0
|  71|0x0000000086f00000, 0x0000000087000000, 0x0000000087000000|100%| E|CS|TAMS 0x0000000086f00000| PB 0x0000000086f00000| Complete |  0
|  72|0x0000000087000000, 0x0000000087100000, 0x0000000087100000|100%| E|CS|TAMS 0x0000000087000000| PB 0x0000000087000000| Complete |  0
|  73|0x0000000087100000, 0x0000000087200000, 0x0000000087200000|100%| E|CS|TAMS 0x0000000087100000| PB 0x0000000087100000| Complete |  0
|  74|0x0000000087200000, 0x0000000087300000, 0x0000000087300000|100%| E|CS|TAMS 0x0000000087200000| PB 0x0000000087200000| Complete |  0
|  75|0x0000000087300000, 0x0000000087400000, 0x0000000087400000|100%| E|CS|TAMS 0x0000000087300000| PB 0x0000000087300000| Complete |  0
|  76|0x0000000087400000, 0x00000000874aaf28, 0x0000000087500000| 66%| S|CS|TAMS 0x0000000087400000| PB 0x0000000087400000| Complete |  0
| 123|0x000000008a300000, 0x000000008a400000, 0x000000008a400000|100%| E|CS|TAMS 0x000000008a300000| PB 0x000000008a300000| Complete |  0
| 125|0x000000008a500000, 0x000000008a600000, 0x000000008a600000|100%| E|CS|TAMS 0x000000008a500000| PB 0x000000008a500000| Complete |  0
|2006|0x00000000ffe00000, 0x00000000fff00000, 0x00000000fff00000|100%| O|  |TAMS 0x00000000ffe00000| PB 0x00000000ffe00000| Untracked |  0
|2007|0x00000000fff00000, 0x0000000100000000, 0x0000000100000000|100%| E|CS|TAMS 0x00000000fff00000| PB 0x00000000fff00000| Complete |  0

Card table byte_map: [0x000001db99d20000,0x000001db9a110000] _byte_map_base: 0x000001db9990c000

Marking Bits: (CMBitMap*) 0x000001db81cc5cf0
 Bits: [0x000001db9a110000, 0x000001db9c070000)

Polling page: 0x000001db81420000

Metaspace:

Usage:
  Non-class:     53.19 MB used.
      Class:      6.63 MB used.
       Both:     59.82 MB used.

Virtual space:
  Non-class space:       64.00 MB reserved,      53.56 MB ( 84%) committed,  1 nodes.
      Class space:        1.00 GB reserved,       6.94 MB ( <1%) committed,  1 nodes.
             Both:        1.06 GB reserved,      60.50 MB (  6%) committed. 

Chunk freelists:
   Non-Class:  9.86 MB
       Class:  9.12 MB
        Both:  18.98 MB

MaxMetaspaceSize: unlimited
CompressedClassSpaceSize: 1.00 GB
Initial GC threshold: 21.00 MB
Current GC threshold: 98.25 MB
CDS: on
 - commit_granule_bytes: 65536.
 - commit_granule_words: 8192.
 - virtual_space_node_default_size: 8388608.
 - enlarge_chunks_in_place: 1.
UseCompressedClassPointers 1, UseCompactObjectHeaders 0
Narrow klass pointer bits 32, Max shift 3
Narrow klass base: 0x000001db9f000000, Narrow klass shift: 0
Encoding Range: [0x000001db9f000000 - 0x000001dc9f000000), (4294967296 bytes)
Klass Range:    [0x000001db9f000000 - 0x000001dbe0000000), (1090519040 bytes)
Klass ID Range:  [8 - 1090519033) (1090519025)


Internal statistics:

num_allocs_failed_limit: 9.
num_arena_births: 852.
num_arena_deaths: 0.
num_vsnodes_births: 2.
num_vsnodes_deaths: 0.
num_space_committed: 967.
num_space_uncommitted: 0.
num_chunks_returned_to_freelist: 9.
num_chunks_taken_from_freelist: 2955.
num_chunk_merges: 9.
num_chunk_splits: 2072.
num_chunks_enlarged: 1636.
num_inconsistent_stats: 0.

CodeHeap 'non-profiled nmethods': size=120064Kb used=4305Kb max_used=4305Kb free=115758Kb
 bounds [0x000001db91fb0000, 0x000001db923f0000, 0x000001db994f0000]
CodeHeap 'profiled nmethods': size=120000Kb used=15140Kb max_used=15140Kb free=104859Kb
 bounds [0x000001db8a4f0000, 0x000001db8b3c0000, 0x000001db91a20000]
CodeHeap 'non-nmethods': size=5696Kb used=1512Kb max_used=1562Kb free=4183Kb
 bounds [0x000001db91a20000, 0x000001db91c90000, 0x000001db91fb0000]
CodeCache: size=245760Kb, used=20957Kb, max_used=21007Kb, free=224800Kb
 total_blobs=9445, nmethods=8764, adapters=586, full_count=0
Compilation: enabled, stopped_count=0, restarted_count=0

Compilation events (20 events):
Event: 1631.494 Thread 0x000001db9eb6e2d0 9708       3       java.util.stream.Collectors$$Lambda/0x000001dba0370000::accept (17 bytes)
Event: 1631.495 Thread 0x000001db9eb6e2d0 nmethod 9708 0x000001db8b3b5d08 code [0x000001db8b3b5e20, 0x000001db8b3b6060]
Event: 1631.495 Thread 0x000001db9eb6e2d0 9709       3       java.util.stream.Collectors::lambda$uniqKeysMapAccumulator$0 (49 bytes)
Event: 1631.495 Thread 0x000001db9eb6e2d0 nmethod 9709 0x000001db8b3b6088 code [0x000001db8b3b6200, 0x000001db8b3b6750]
Event: 1631.495 Thread 0x000001db9eb6e2d0 9705       3       org.glassfish.jersey.server.ContainerResponse::getLocation (8 bytes)
Event: 1631.495 Thread 0x000001db9eb6e2d0 nmethod 9705 0x000001db8b3b6788 code [0x000001db8b3b68a0, 0x000001db8b3b6a68]
Event: 1631.495 Thread 0x000001db9eb6e2d0 9706       3       org.glassfish.jersey.message.internal.MessageHeaderMethods::getLocation (18 bytes)
Event: 1631.500 Thread 0x000001db9eb6e2d0 nmethod 9706 0x000001db8b3b6b08 code [0x000001db8b3b6c40, 0x000001db8b3b6fb8]
Event: 1631.501 Thread 0x000001db9eb6e2d0 9707       3       org.glassfish.jersey.server.ServerRuntime::ensureAbsolute (44 bytes)
Event: 1631.506 Thread 0x000001db9eb5ebb0 9710   !   4       org.apache.tomcat.util.buf.StringCache::toString (614 bytes)
Event: 1631.510 Thread 0x000001db9eb6e2d0 nmethod 9707 0x000001db8b3b7088 code [0x000001db8b3b71e0, 0x000001db8b3b7710]
Event: 1631.510 Thread 0x000001db9eb6e2d0 9712       3       java.util.concurrent.ConcurrentLinkedQueue$CLQSpliterator::forEachRemaining (34 bytes)
Event: 1631.513 Thread 0x000001db9eb6e2d0 nmethod 9712 0x000001db8b3b7788 code [0x000001db8b3b7900, 0x000001db8b3b7e38]
Event: 1631.513 Thread 0x000001db9eb6e2d0 9715       3       java.util.concurrent.ConcurrentLinkedQueue::forEachFrom (102 bytes)
Event: 1631.517 Thread 0x000001db9eb6e2d0 nmethod 9715 0x000001db8b3b7e88 code [0x000001db8b3b7fe0, 0x000001db8b3b84a8]
Event: 1631.517 Thread 0x000001db9eb6e2d0 9713       3       java.util.concurrent.ConcurrentLinkedQueue$CLQSpliterator::current (31 bytes)
Event: 1631.519 Thread 0x000001db9eb6e2d0 nmethod 9713 0x000001db8b3b8508 code [0x000001db8b3b8640, 0x000001db8b3b88f8]
Event: 1631.519 Thread 0x000001db9eb6e2d0 9714       3       java.util.concurrent.ConcurrentLinkedQueue$CLQSpliterator::setCurrent (15 bytes)
Event: 1631.519 Thread 0x000001db9eb6e2d0 nmethod 9714 0x000001db8b3b8988 code [0x000001db8b3b8aa0, 0x000001db8b3b8c38]
Event: 1632.466 Thread 0x000001db9eb6e2d0 9716       3       com.netflix.discovery.util.SpectatorUtil::record (16 bytes)

GC Heap History (20 events):
Event: 4.848 GC heap before
{Heap before GC invocations=4 (full 0):
 garbage-first heap   total reserved 2056192K, committed 68608K, used 59315K [0x0000000082800000, 0x0000000100000000)
  region size 1024K, 40 young (40960K), 1 survivors (1024K)
 Metaspace       used 25567K, committed 25920K, reserved 1114112K
  class space    used 2531K, committed 2688K, reserved 1048576K
}
Event: 4.854 GC heap after
{Heap after GC invocations=5 (full 0):
 garbage-first heap   total reserved 2056192K, committed 68608K, used 22522K [0x0000000082800000, 0x0000000100000000)
  region size 1024K, 4 young (4096K), 4 survivors (4096K)
 Metaspace       used 25567K, committed 25920K, reserved 1114112K
  class space    used 2531K, committed 2688K, reserved 1048576K
}
Event: 5.412 GC heap before
{Heap before GC invocations=5 (full 0):
 garbage-first heap   total reserved 2056192K, committed 68608K, used 52218K [0x0000000082800000, 0x0000000100000000)
  region size 1024K, 32 young (32768K), 4 survivors (4096K)
 Metaspace       used 30483K, committed 30848K, reserved 1114112K
  class space    used 3119K, committed 3264K, reserved 1048576K
}
Event: 5.420 GC heap after
{Heap after GC invocations=6 (full 0):
 garbage-first heap   total reserved 2056192K, committed 68608K, used 24794K [0x0000000082800000, 0x0000000100000000)
  region size 1024K, 3 young (3072K), 3 survivors (3072K)
 Metaspace       used 30483K, committed 30848K, reserved 1114112K
  class space    used 3119K, committed 3264K, reserved 1048576K
}
Event: 5.921 GC heap before
{Heap before GC invocations=6 (full 0):
 garbage-first heap   total reserved 2056192K, committed 68608K, used 53466K [0x0000000082800000, 0x0000000100000000)
  region size 1024K, 31 young (31744K), 3 survivors (3072K)
 Metaspace       used 32669K, committed 33088K, reserved 1114112K
  class space    used 3380K, committed 3584K, reserved 1048576K
}
Event: 5.926 GC heap after
{Heap after GC invocations=7 (full 0):
 garbage-first heap   total reserved 2056192K, committed 68608K, used 25900K [0x0000000082800000, 0x0000000100000000)
  region size 1024K, 2 young (2048K), 2 survivors (2048K)
 Metaspace       used 32669K, committed 33088K, reserved 1114112K
  class space    used 3380K, committed 3584K, reserved 1048576K
}
Event: 6.205 GC heap before
{Heap before GC invocations=7 (full 0):
 garbage-first heap   total reserved 2056192K, committed 68608K, used 40236K [0x0000000082800000, 0x0000000100000000)
  region size 1024K, 17 young (17408K), 2 survivors (2048K)
 Metaspace       used 35545K, committed 35968K, reserved 1114112K
  class space    used 3721K, committed 3904K, reserved 1048576K
}
Event: 6.210 GC heap after
{Heap after GC invocations=8 (full 0):
 garbage-first heap   total reserved 2056192K, committed 68608K, used 26905K [0x0000000082800000, 0x0000000100000000)
  region size 1024K, 3 young (3072K), 3 survivors (3072K)
 Metaspace       used 35545K, committed 35968K, reserved 1114112K
  class space    used 3721K, committed 3904K, reserved 1048576K
}
Event: 6.638 GC heap before
{Heap before GC invocations=9 (full 0):
 garbage-first heap   total reserved 2056192K, committed 68608K, used 56601K [0x0000000082800000, 0x0000000100000000)
  region size 1024K, 32 young (32768K), 3 survivors (3072K)
 Metaspace       used 39674K, committed 40064K, reserved 1114112K
  class space    used 4187K, committed 4352K, reserved 1048576K
}
Event: 6.645 GC heap after
{Heap after GC invocations=10 (full 0):
 garbage-first heap   total reserved 2056192K, committed 68608K, used 30224K [0x0000000082800000, 0x0000000100000000)
  region size 1024K, 4 young (4096K), 4 survivors (4096K)
 Metaspace       used 39674K, committed 40064K, reserved 1114112K
  class space    used 4187K, committed 4352K, reserved 1048576K
}
Event: 6.894 GC heap before
{Heap before GC invocations=10 (full 0):
 garbage-first heap   total reserved 2056192K, committed 68608K, used 57872K [0x0000000082800000, 0x0000000100000000)
  region size 1024K, 31 young (31744K), 4 survivors (4096K)
 Metaspace       used 41927K, committed 42368K, reserved 1114112K
  class space    used 4492K, committed 4672K, reserved 1048576K
}
Event: 6.899 GC heap after
{Heap after GC invocations=11 (full 0):
 garbage-first heap   total reserved 2056192K, committed 68608K, used 33713K [0x0000000082800000, 0x0000000100000000)
  region size 1024K, 4 young (4096K), 4 survivors (4096K)
 Metaspace       used 41927K, committed 42368K, reserved 1114112K
  class space    used 4492K, committed 4672K, reserved 1048576K
}
Event: 8.372 GC heap before
{Heap before GC invocations=11 (full 0):
 garbage-first heap   total reserved 2056192K, committed 68608K, used 58289K [0x0000000082800000, 0x0000000100000000)
  region size 1024K, 28 young (28672K), 4 survivors (4096K)
 Metaspace       used 45531K, committed 46016K, reserved 1114112K
  class space    used 5051K, committed 5248K, reserved 1048576K
}
Event: 8.376 GC heap after
{Heap after GC invocations=12 (full 0):
 garbage-first heap   total reserved 2056192K, committed 82944K, used 36219K [0x0000000082800000, 0x0000000100000000)
  region size 1024K, 3 young (3072K), 3 survivors (3072K)
 Metaspace       used 45531K, committed 46016K, reserved 1114112K
  class space    used 5051K, committed 5248K, reserved 1048576K
}
Event: 10.037 GC heap before
{Heap before GC invocations=12 (full 0):
 garbage-first heap   total reserved 2056192K, committed 82944K, used 70011K [0x0000000082800000, 0x0000000100000000)
  region size 1024K, 36 young (36864K), 3 survivors (3072K)
 Metaspace       used 51171K, committed 51776K, reserved 1114112K
  class space    used 5742K, committed 6016K, reserved 1048576K
}
Event: 10.042 GC heap after
{Heap after GC invocations=13 (full 0):
 garbage-first heap   total reserved 2056192K, committed 82944K, used 38847K [0x0000000082800000, 0x0000000100000000)
  region size 1024K, 5 young (5120K), 5 survivors (5120K)
 Metaspace       used 51171K, committed 51776K, reserved 1114112K
  class space    used 5742K, committed 6016K, reserved 1048576K
}
Event: 68.091 GC heap before
{Heap before GC invocations=13 (full 0):
 garbage-first heap   total reserved 2056192K, committed 82944K, used 71615K [0x0000000082800000, 0x0000000100000000)
  region size 1024K, 38 young (38912K), 5 survivors (5120K)
 Metaspace       used 59363K, committed 60032K, reserved 1114112K
  class space    used 6737K, committed 7040K, reserved 1048576K
}
Event: 68.098 GC heap after
{Heap after GC invocations=14 (full 0):
 garbage-first heap   total reserved 2056192K, committed 82944K, used 41259K [0x0000000082800000, 0x0000000100000000)
  region size 1024K, 3 young (3072K), 3 survivors (3072K)
 Metaspace       used 59363K, committed 60032K, reserved 1114112K
  class space    used 6737K, committed 7040K, reserved 1048576K
}
Event: 68.347 GC heap before
{Heap before GC invocations=14 (full 0):
 garbage-first heap   total reserved 2056192K, committed 82944K, used 43307K [0x0000000082800000, 0x0000000100000000)
  region size 1024K, 6 young (6144K), 3 survivors (3072K)
 Metaspace       used 59683K, committed 60288K, reserved 1114112K
  class space    used 6776K, committed 7040K, reserved 1048576K
}
Event: 68.350 GC heap after
{Heap after GC invocations=15 (full 0):
 garbage-first heap   total reserved 2056192K, committed 82944K, used 41920K [0x0000000082800000, 0x0000000100000000)
  region size 1024K, 1 young (1024K), 1 survivors (1024K)
 Metaspace       used 59683K, committed 60288K, reserved 1114112K
  class space    used 6776K, committed 7040K, reserved 1048576K
}

Dll operation events (13 events):
Event: 0.011 Loaded shared library C:\Users\asus\.jdks\openjdk-24\bin\java.dll
Event: 0.043 Loaded shared library C:\Users\asus\.jdks\openjdk-24\bin\jsvml.dll
Event: 0.231 Loaded shared library C:\Users\asus\.jdks\openjdk-24\bin\zip.dll
Event: 0.235 Loaded shared library C:\Users\asus\.jdks\openjdk-24\bin\instrument.dll
Event: 0.240 Loaded shared library C:\Users\asus\.jdks\openjdk-24\bin\net.dll
Event: 0.243 Loaded shared library C:\Users\asus\.jdks\openjdk-24\bin\nio.dll
Event: 0.246 Loaded shared library C:\Users\asus\.jdks\openjdk-24\bin\zip.dll
Event: 1.513 Loaded shared library C:\Users\asus\.jdks\openjdk-24\bin\extnet.dll
Event: 1.544 Loaded shared library C:\Users\asus\.jdks\openjdk-24\bin\jimage.dll
Event: 3.747 Loaded shared library C:\Users\asus\.jdks\openjdk-24\bin\sunmscapi.dll
Event: 5.319 Loaded shared library C:\Users\asus\.jdks\openjdk-24\bin\management.dll
Event: 5.321 Loaded shared library C:\Users\asus\.jdks\openjdk-24\bin\management_ext.dll
Event: 5.517 Loaded shared library C:\Users\asus\.jdks\openjdk-24\bin\verify.dll

Deoptimization events (20 events):
Event: 590.123 Thread 0x000001dbe7f2cf90 DEOPT PACKING pc=0x000001db921432c0 sp=0x000000646f8ff2d0
Event: 590.123 Thread 0x000001dbe7f2cf90 DEOPT UNPACKING pc=0x000001db91b35c02 sp=0x000000646f8ff110 mode 2
Event: 590.123 Thread 0x000001dbe7f2cf90 Uncommon trap: trap_request=0xffffffd6 fr.pc=0x000001db921432c0 relative=0x00000000000005c0
Event: 590.123 Thread 0x000001dbe7f2cf90 Uncommon trap: reason=array_check action=maybe_recompile pc=0x000001db921432c0 method=java.util.concurrent.ScheduledThreadPoolExecutor$DelayedWorkQueue.siftUp(ILjava/util/concurrent/RunnableScheduledFuture;)V @ 57 c2
Event: 590.123 Thread 0x000001dbe7f2cf90 DEOPT PACKING pc=0x000001db921432c0 sp=0x000000646f8ff2d0
Event: 590.123 Thread 0x000001dbe7f2cf90 DEOPT UNPACKING pc=0x000001db91b35c02 sp=0x000000646f8ff110 mode 2
Event: 590.123 Thread 0x000001dbe7f2cf90 Uncommon trap: trap_request=0xffffffd6 fr.pc=0x000001db921432c0 relative=0x00000000000005c0
Event: 590.123 Thread 0x000001dbe7f2cf90 Uncommon trap: reason=array_check action=maybe_recompile pc=0x000001db921432c0 method=java.util.concurrent.ScheduledThreadPoolExecutor$DelayedWorkQueue.siftUp(ILjava/util/concurrent/RunnableScheduledFuture;)V @ 57 c2
Event: 590.123 Thread 0x000001dbe7f2cf90 DEOPT PACKING pc=0x000001db921432c0 sp=0x000000646f8ff2d0
Event: 590.123 Thread 0x000001dbe7f2cf90 DEOPT UNPACKING pc=0x000001db91b35c02 sp=0x000000646f8ff110 mode 2
Event: 609.963 Thread 0x000001dbe7f335f0 Uncommon trap: trap_request=0xffffffd6 fr.pc=0x000001db9216878c relative=0x0000000000000e2c
Event: 609.963 Thread 0x000001dbe7f335f0 Uncommon trap: reason=array_check action=maybe_recompile pc=0x000001db9216878c method=java.util.concurrent.ScheduledThreadPoolExecutor$DelayedWorkQueue.offer(Ljava/lang/Runnable;)Z @ 65 c2
Event: 609.963 Thread 0x000001dbe7f335f0 DEOPT PACKING pc=0x000001db9216878c sp=0x00000064703ff010
Event: 609.963 Thread 0x000001dbe7f335f0 DEOPT UNPACKING pc=0x000001db91b35c02 sp=0x00000064703fee40 mode 2
Event: 941.168 Thread 0x000001dbe5505f20 DEOPT PACKING pc=0x000001db8a93bf52 sp=0x0000006470dfc490
Event: 941.169 Thread 0x000001dbe5505f20 DEOPT UNPACKING pc=0x000001db91a75722 sp=0x0000006470dfb900 mode 0
Event: 1209.965 Thread 0x000001dbe7f335f0 Uncommon trap: trap_request=0xffffffd6 fr.pc=0x000001db9216878c relative=0x0000000000000e2c
Event: 1209.965 Thread 0x000001dbe7f335f0 Uncommon trap: reason=array_check action=maybe_recompile pc=0x000001db9216878c method=java.util.concurrent.ScheduledThreadPoolExecutor$DelayedWorkQueue.offer(Ljava/lang/Runnable;)Z @ 65 c2
Event: 1209.965 Thread 0x000001dbe7f335f0 DEOPT PACKING pc=0x000001db9216878c sp=0x00000064703ff010
Event: 1209.965 Thread 0x000001dbe7f335f0 DEOPT UNPACKING pc=0x000001db91b35c02 sp=0x00000064703fee40 mode 2

Classes loaded (20 events):
Event: 67.966 Loading class java/lang/EnumCustomizer
Event: 67.966 Loading class java/lang/EnumCustomizer done
Event: 67.967 Loading class java/lang/EnumCustomizer
Event: 67.967 Loading class java/lang/EnumCustomizer done
Event: 67.967 Loading class java/lang/Enum$EnumDesc
Event: 67.967 Loading class java/lang/Enum$EnumDesc done
Event: 68.074 Loading class java/util/ArrayList$SubList$2
Event: 68.074 Loading class java/util/ArrayList$SubList$2 done
Event: 68.080 Loading class java/text/DecimalFormat$NumericPosition
Event: 68.081 Loading class java/text/DecimalFormat$NumericPosition done
Event: 68.086 Loading class java/time/format/DateTimeFormatterBuilder$ZoneTextPrinterParser
Event: 68.086 Loading class java/time/format/DateTimeFormatterBuilder$ZoneTextPrinterParser done
Event: 68.087 Loading class java/time/format/DateTimeFormatterBuilder$ReducedPrinterParser
Event: 68.087 Loading class java/time/format/DateTimeFormatterBuilder$ReducedPrinterParser done
Event: 68.336 Loading class java/util/stream/ReduceOps$7
Event: 68.337 Loading class java/util/stream/ReduceOps$7 done
Event: 68.337 Loading class java/util/stream/ReduceOps$6ReducingSink
Event: 68.337 Loading class java/util/stream/ReduceOps$6ReducingSink done
Event: 280.076 Loading class java/util/concurrent/locks/ReentrantReadWriteLock$Sync$HoldCounter
Event: 280.076 Loading class java/util/concurrent/locks/ReentrantReadWriteLock$Sync$HoldCounter done

Classes unloaded (0 events):
No events

Classes redefined (0 events):
No events

Internal exceptions (20 events):
Event: 67.954 Thread 0x000001dbe68c45c0 Exception <a 'java/lang/ClassNotFoundException'{0x00000000858e8bb0}: org/springframework/cloud/netflix/eureka/server/InstanceRegistryCustomizer> (0x00000000858e8bb0) 
thrown [s\open\src\hotspot\share\classfile\systemDictionary.cpp, line 327]
Event: 67.961 Thread 0x000001dbe68c45c0 Exception <a 'java/io/IOException'{0x000000008572e7a8}> (0x000000008572e7a8) 
thrown [s\open\src\hotspot\share\prims\jni.cpp, line 518]
Event: 67.961 Thread 0x000001dbe68c45c0 Exception <a 'java/lang/ClassNotFoundException'{0x0000000085730908}: java/util/HashMap$NodeBeanInfo> (0x0000000085730908) 
thrown [s\open\src\hotspot\share\classfile\systemDictionary.cpp, line 327]
Event: 67.962 Thread 0x000001dbe68c45c0 Exception <a 'java/io/IOException'{0x0000000085732528}> (0x0000000085732528) 
thrown [s\open\src\hotspot\share\prims\jni.cpp, line 518]
Event: 67.962 Thread 0x000001dbe68c45c0 Exception <a 'java/lang/ClassNotFoundException'{0x00000000857343e0}: java/util/HashMap$NodeCustomizer> (0x00000000857343e0) 
thrown [s\open\src\hotspot\share\classfile\systemDictionary.cpp, line 327]
Event: 67.966 Thread 0x000001dbe68c45c0 Exception <a 'java/io/IOException'{0x000000008575dbf8}> (0x000000008575dbf8) 
thrown [s\open\src\hotspot\share\prims\jni.cpp, line 518]
Event: 67.966 Thread 0x000001dbe68c45c0 Exception <a 'java/lang/ClassNotFoundException'{0x0000000085760128}: com/netflix/appinfo/InstanceInfo$InstanceStatusBeanInfo> (0x0000000085760128) 
thrown [s\open\src\hotspot\share\classfile\systemDictionary.cpp, line 327]
Event: 67.966 Thread 0x000001dbe68c45c0 Exception <a 'java/io/IOException'{0x0000000085761fa0}> (0x0000000085761fa0) 
thrown [s\open\src\hotspot\share\prims\jni.cpp, line 518]
Event: 67.966 Thread 0x000001dbe68c45c0 Exception <a 'java/lang/ClassNotFoundException'{0x0000000085764380}: java/lang/EnumBeanInfo> (0x0000000085764380) 
thrown [s\open\src\hotspot\share\classfile\systemDictionary.cpp, line 327]
Event: 67.967 Thread 0x000001dbe68c45c0 Exception <a 'java/io/IOException'{0x00000000857661b0}> (0x00000000857661b0) 
thrown [s\open\src\hotspot\share\prims\jni.cpp, line 518]
Event: 67.967 Thread 0x000001dbe68c45c0 Exception <a 'java/lang/ClassNotFoundException'{0x0000000085768598}: java/lang/EnumCustomizer> (0x0000000085768598) 
thrown [s\open\src\hotspot\share\classfile\systemDictionary.cpp, line 327]
Event: 67.968 Thread 0x000001dbe68c45c0 Exception <a 'java/io/IOException'{0x00000000857742f8}> (0x00000000857742f8) 
thrown [s\open\src\hotspot\share\prims\jni.cpp, line 518]
Event: 67.968 Thread 0x000001dbe68c45c0 Exception <a 'java/lang/ClassNotFoundException'{0x00000000857767b0}: com/netflix/appinfo/InstanceInfo$InstanceStatusCustomizer> (0x00000000857767b0) 
thrown [s\open\src\hotspot\share\classfile\systemDictionary.cpp, line 327]
Event: 67.969 Thread 0x000001dbe68c45c0 Exception <a 'java/io/IOException'{0x0000000085780000}> (0x0000000085780000) 
thrown [s\open\src\hotspot\share\prims\jni.cpp, line 518]
Event: 67.969 Thread 0x000001dbe68c45c0 Exception <a 'java/lang/ClassNotFoundException'{0x0000000085781f10}: com/netflix/eureka/util/StatusInfoBeanInfo> (0x0000000085781f10) 
thrown [s\open\src\hotspot\share\classfile\systemDictionary.cpp, line 327]
Event: 67.970 Thread 0x000001dbe68c45c0 Exception <a 'java/io/IOException'{0x0000000085785160}> (0x0000000085785160) 
thrown [s\open\src\hotspot\share\prims\jni.cpp, line 518]
Event: 67.970 Thread 0x000001dbe68c45c0 Exception <a 'java/lang/ClassNotFoundException'{0x0000000085787070}: com/netflix/eureka/util/StatusInfoCustomizer> (0x0000000085787070) 
thrown [s\open\src\hotspot\share\classfile\systemDictionary.cpp, line 327]
Event: 68.068 Thread 0x000001dbe68c5bb0 Exception <a 'java/lang/NoSuchMethodError'{0x0000000087456f00}: 'java.lang.Object java.lang.invoke.DirectMethodHandle$Holder.invokeStatic(java.lang.Object, int, int)'> (0x0000000087456f00) 
thrown [s\open\src\hotspot\share\interpreter\linkResolver.cpp, line 805]
Event: 68.073 Thread 0x000001dbe68c3720 Exception <a 'java/lang/NoSuchMethodError'{0x000000008742db58}: 'java.lang.Object java.lang.invoke.DirectMethodHandle$Holder.invokeStatic(java.lang.Object, int, int)'> (0x000000008742db58) 
thrown [s\open\src\hotspot\share\interpreter\linkResolver.cpp, line 805]
Event: 68.326 Thread 0x000001dbe5506dc0 Exception <a 'java/io/IOException'{0x000000008a5f9050}> (0x000000008a5f9050) 
thrown [s\open\src\hotspot\share\prims\jni.cpp, line 518]

VM Operations (20 events):
Event: 1382.603 Executing VM operation: HandshakeAllThreads (HandshakeForDeflation)
Event: 1382.603 Executing VM operation: HandshakeAllThreads (HandshakeForDeflation) done
Event: 1382.603 Executing VM operation: RendezvousGCThreads
Event: 1382.603 Executing VM operation: RendezvousGCThreads done
Event: 1442.722 Executing VM operation: HandshakeAllThreads (HandshakeForDeflation)
Event: 1442.722 Executing VM operation: HandshakeAllThreads (HandshakeForDeflation) done
Event: 1442.722 Executing VM operation: RendezvousGCThreads
Event: 1442.722 Executing VM operation: RendezvousGCThreads done
Event: 1502.895 Executing VM operation: HandshakeAllThreads (HandshakeForDeflation)
Event: 1502.895 Executing VM operation: HandshakeAllThreads (HandshakeForDeflation) done
Event: 1502.895 Executing VM operation: RendezvousGCThreads
Event: 1502.895 Executing VM operation: RendezvousGCThreads done
Event: 1562.919 Executing VM operation: HandshakeAllThreads (HandshakeForDeflation)
Event: 1562.920 Executing VM operation: HandshakeAllThreads (HandshakeForDeflation) done
Event: 1562.920 Executing VM operation: RendezvousGCThreads
Event: 1562.920 Executing VM operation: RendezvousGCThreads done
Event: 1623.049 Executing VM operation: HandshakeAllThreads (HandshakeForDeflation)
Event: 1623.051 Executing VM operation: HandshakeAllThreads (HandshakeForDeflation) done
Event: 1623.051 Executing VM operation: RendezvousGCThreads
Event: 1623.051 Executing VM operation: RendezvousGCThreads done

Memory protections (0 events):
No events

Nmethod flushes (20 events):
Event: 68.384 Thread 0x000001db9eb3fe40 flushing  nmethod 0x000001db8a91c788
Event: 68.384 Thread 0x000001db9eb3fe40 flushing  nmethod 0x000001db8a91ff08
Event: 68.384 Thread 0x000001db9eb3fe40 flushing  nmethod 0x000001db8a920288
Event: 68.384 Thread 0x000001db9eb3fe40 flushing  nmethod 0x000001db8a96d208
Event: 68.384 Thread 0x000001db9eb3fe40 flushing  nmethod 0x000001db8a96d508
Event: 68.384 Thread 0x000001db9eb3fe40 flushing  nmethod 0x000001db8a974f88
Event: 68.384 Thread 0x000001db9eb3fe40 flushing  nmethod 0x000001db8a976408
Event: 68.384 Thread 0x000001db9eb3fe40 flushing  nmethod 0x000001db8a977408
Event: 68.384 Thread 0x000001db9eb3fe40 flushing  nmethod 0x000001db8a9c0c88
Event: 68.384 Thread 0x000001db9eb3fe40 flushing  nmethod 0x000001db8a9c1988
Event: 68.384 Thread 0x000001db9eb3fe40 flushing  nmethod 0x000001db8a9c2d08
Event: 68.384 Thread 0x000001db9eb3fe40 flushing  nmethod 0x000001db8aa36188
Event: 68.384 Thread 0x000001db9eb3fe40 flushing  nmethod 0x000001db8aa39988
Event: 68.384 Thread 0x000001db9eb3fe40 flushing  nmethod 0x000001db8aaab808
Event: 68.384 Thread 0x000001db9eb3fe40 flushing  nmethod 0x000001db8aafc808
Event: 68.384 Thread 0x000001db9eb3fe40 flushing  nmethod 0x000001db8aafd008
Event: 68.384 Thread 0x000001db9eb3fe40 flushing  nmethod 0x000001db8ab05508
Event: 68.384 Thread 0x000001db9eb3fe40 flushing  nmethod 0x000001db8ab84d08
Event: 68.384 Thread 0x000001db9eb3fe40 flushing  nmethod 0x000001db8ab89108
Event: 68.384 Thread 0x000001db9eb3fe40 flushing  nmethod 0x000001db8ad61508

Events (20 events):
Event: 11.094 Thread 0x000001db9ee15d30 Thread exited: 0x000001db9ee15d30
Event: 11.094 Thread 0x000001db9ee13ef0 Thread exited: 0x000001db9ee13ef0
Event: 11.236 Thread 0x000001db9eb6e2d0 Thread added: 0x000001dbe85fca70
Event: 11.239 Thread 0x000001db9eb6e2d0 Thread added: 0x000001dbe85ff040
Event: 11.260 Thread 0x000001db81c6f070 Thread exited: 0x000001db81c6f070
Event: 11.260 Thread 0x000001dbe5505080 Thread added: 0x000001dbe5505080
Event: 11.750 Thread 0x000001dbe4cde130 Thread exited: 0x000001dbe4cde130
Event: 15.082 Thread 0x000001dbe85ff040 Thread exited: 0x000001dbe85ff040
Event: 16.785 Thread 0x000001dbe85fca70 Thread exited: 0x000001dbe85fca70
Event: 39.917 Thread 0x000001dbe7f31160 Thread added: 0x000001dbe55041e0
Event: 39.918 Thread 0x000001dbe7f2d6e0 Thread added: 0x000001dbe5508b00
Event: 39.944 Thread 0x000001db9eb6e2d0 Thread added: 0x000001dbe85ff040
Event: 40.078 Thread 0x000001dbe85ff040 Thread exited: 0x000001dbe85ff040
Event: 40.099 Thread 0x000001dbe68c4d10 Thread exited: 0x000001dbe68c4d10
Event: 67.950 Thread 0x000001db9eb6e2d0 Thread added: 0x000001dbe85fd990
Event: 69.964 Thread 0x000001dbe85fd990 Thread exited: 0x000001dbe85fd990
Event: 76.790 Thread 0x000001dbe7f2ecd0 Thread exited: 0x000001dbe7f2ecd0
Event: 78.123 Thread 0x000001dbe7f2c840 Thread exited: 0x000001dbe7f2c840
Event: 79.560 Thread 0x000001dbe5507510 Thread exited: 0x000001dbe5507510
Event: 309.828 Thread 0x000001dbe7f2fb70 Thread added: 0x000001dbe550a840


Dynamic libraries:
0x00007ff6f82d0000 - 0x00007ff6f82de000 	C:\Users\asus\.jdks\openjdk-24\bin\java.exe
0x00007fff9e820000 - 0x00007fff9ea88000 	C:\WINDOWS\SYSTEM32\ntdll.dll
0x00007fff9d070000 - 0x00007fff9d139000 	C:\WINDOWS\System32\KERNEL32.DLL
0x00007fff9c140000 - 0x00007fff9c52a000 	C:\WINDOWS\System32\KERNELBASE.dll
0x00007fff9bf40000 - 0x00007fff9c08b000 	C:\WINDOWS\System32\ucrtbase.dll
0x00007fff7cb80000 - 0x00007fff7cb96000 	C:\Users\asus\.jdks\openjdk-24\bin\jli.dll
0x00007fff7a8d0000 - 0x00007fff7a8eb000 	C:\Users\asus\.jdks\openjdk-24\bin\VCRUNTIME140.dll
0x00007fff9c700000 - 0x00007fff9c8c5000 	C:\WINDOWS\System32\USER32.dll
0x00007fff9bf10000 - 0x00007fff9bf37000 	C:\WINDOWS\System32\win32u.dll
0x00007fff846b0000 - 0x00007fff84943000 	C:\WINDOWS\WinSxS\amd64_microsoft.windows.common-controls_6595b64144ccf1df_6.0.26100.5710_none_3e07c7e0e334d9e8\COMCTL32.dll
0x00007fff9e540000 - 0x00007fff9e56b000 	C:\WINDOWS\System32\GDI32.dll
0x00007fff9c8d0000 - 0x00007fff9c979000 	C:\WINDOWS\System32\msvcrt.dll
0x00007fff9bde0000 - 0x00007fff9bf0d000 	C:\WINDOWS\System32\gdi32full.dll
0x00007fff9c090000 - 0x00007fff9c133000 	C:\WINDOWS\System32\msvcp_win.dll
0x00007fff9cba0000 - 0x00007fff9cbcf000 	C:\WINDOWS\System32\IMM32.DLL
0x00007fff7cd20000 - 0x00007fff7ce12000 	C:\Program Files\Windhawk\Engine\1.6.1\64\windhawk.dll
0x00007fff9e6d0000 - 0x00007fff9e784000 	C:\WINDOWS\System32\ADVAPI32.dll
0x00007fff9df10000 - 0x00007fff9dfb6000 	C:\WINDOWS\System32\sechost.dll
0x00007fff9e270000 - 0x00007fff9e388000 	C:\WINDOWS\System32\RPCRT4.dll
0x00007fff94190000 - 0x00007fff9419c000 	C:\Users\asus\.jdks\openjdk-24\bin\vcruntime140_1.dll
0x00007fff5a360000 - 0x00007fff5a3ee000 	C:\Users\asus\.jdks\openjdk-24\bin\msvcp140.dll
0x00007ffef1110000 - 0x00007ffef1eb2000 	C:\Users\asus\.jdks\openjdk-24\bin\server\jvm.dll
0x00007fff9c670000 - 0x00007fff9c6e4000 	C:\WINDOWS\System32\WS2_32.dll
0x00007fff9b820000 - 0x00007fff9b87e000 	C:\WINDOWS\SYSTEM32\POWRPROF.dll
0x00007fff987c0000 - 0x00007fff987cb000 	C:\WINDOWS\SYSTEM32\VERSION.dll
0x00007fff87220000 - 0x00007fff87255000 	C:\WINDOWS\SYSTEM32\WINMM.dll
0x00007fff9b800000 - 0x00007fff9b814000 	C:\WINDOWS\SYSTEM32\UMPDC.dll
0x00007fff9a760000 - 0x00007fff9a77b000 	C:\WINDOWS\SYSTEM32\kernel.appcore.dll
0x00007fff7a7f0000 - 0x00007fff7a7fa000 	C:\Users\asus\.jdks\openjdk-24\bin\jimage.dll
0x00007fff992c0000 - 0x00007fff99502000 	C:\WINDOWS\SYSTEM32\DBGHELP.DLL
0x00007fff9d140000 - 0x00007fff9d4be000 	C:\WINDOWS\System32\combase.dll
0x00007fff9dfc0000 - 0x00007fff9e098000 	C:\WINDOWS\System32\OLEAUT32.dll
0x00007fff83820000 - 0x00007fff8385c000 	C:\WINDOWS\SYSTEM32\dbgcore.DLL
0x00007fff9bbc0000 - 0x00007fff9bc59000 	C:\WINDOWS\System32\bcryptPrimitives.dll
0x00007fff72530000 - 0x00007fff7253f000 	C:\Users\asus\.jdks\openjdk-24\bin\instrument.dll
0x00007fff74740000 - 0x00007fff7475e000 	C:\Users\asus\.jdks\openjdk-24\bin\java.dll
0x00007fff9e0a0000 - 0x00007fff9e238000 	C:\WINDOWS\System32\ole32.dll
0x00007fff9d7c0000 - 0x00007fff9df07000 	C:\WINDOWS\System32\SHELL32.dll
0x00007fff9ba50000 - 0x00007fff9bbbc000 	C:\WINDOWS\System32\wintypes.dll
0x00007fff99600000 - 0x00007fff99e5a000 	C:\WINDOWS\SYSTEM32\windows.storage.dll
0x00007fff9c9a0000 - 0x00007fff9ca8f000 	C:\WINDOWS\System32\SHCORE.dll
0x00007fff9d4d0000 - 0x00007fff9d533000 	C:\WINDOWS\System32\shlwapi.dll
0x00007fff9b8e0000 - 0x00007fff9b908000 	C:\WINDOWS\SYSTEM32\profapi.dll
0x00007fff32750000 - 0x00007fff32827000 	C:\Users\asus\.jdks\openjdk-24\bin\jsvml.dll
0x00007fff705c0000 - 0x00007fff705d7000 	C:\Users\asus\.jdks\openjdk-24\bin\zip.dll
0x00007fff731b0000 - 0x00007fff731c0000 	C:\Users\asus\.jdks\openjdk-24\bin\net.dll
0x00007fff9acc0000 - 0x00007fff9ad2b000 	C:\WINDOWS\system32\mswsock.dll
0x00007fff73190000 - 0x00007fff731a6000 	C:\Users\asus\.jdks\openjdk-24\bin\nio.dll
0x00007fff6ffc0000 - 0x00007fff6ffc9000 	C:\Users\asus\.jdks\openjdk-24\bin\extnet.dll
0x00007fff9a160000 - 0x00007fff9a194000 	C:\WINDOWS\SYSTEM32\IPHLPAPI.DLL
0x00007fff9c980000 - 0x00007fff9c98a000 	C:\WINDOWS\System32\NSI.dll
0x00007fff9a1f0000 - 0x00007fff9a316000 	C:\WINDOWS\SYSTEM32\DNSAPI.dll
0x00007fff72480000 - 0x00007fff7248e000 	C:\Users\asus\.jdks\openjdk-24\bin\sunmscapi.dll
0x00007fff9b1e0000 - 0x00007fff9b210000 	C:\WINDOWS\SYSTEM32\ncrypt.dll
0x000001dbe5c10000 - 0x000001dbe5d87000 	C:\WINDOWS\System32\CRYPT32.dll
0x00007fff9b190000 - 0x00007fff9b1cf000 	C:\WINDOWS\SYSTEM32\NTASN1.dll
0x00007fff9b090000 - 0x00007fff9b0ab000 	C:\WINDOWS\SYSTEM32\CRYPTSP.dll
0x00007fff9a6c0000 - 0x00007fff9a6fb000 	C:\WINDOWS\system32\rsaenh.dll
0x00007fff9ad60000 - 0x00007fff9ad8b000 	C:\WINDOWS\SYSTEM32\USERENV.dll
0x00007fff9b8b0000 - 0x00007fff9b8d6000 	C:\WINDOWS\SYSTEM32\bcrypt.dll
0x00007fff9aef0000 - 0x00007fff9aefc000 	C:\WINDOWS\SYSTEM32\CRYPTBASE.dll
0x00007fff6ffb0000 - 0x00007fff6ffba000 	C:\Users\asus\.jdks\openjdk-24\bin\management.dll
0x00007fff6e3b0000 - 0x00007fff6e3bb000 	C:\Users\asus\.jdks\openjdk-24\bin\management_ext.dll
0x00007fff9c6f0000 - 0x00007fff9c6f8000 	C:\WINDOWS\System32\PSAPI.DLL
0x00007fff6e0e0000 - 0x00007fff6e0f0000 	C:\Users\asus\.jdks\openjdk-24\bin\verify.dll
0x00007fff91c30000 - 0x00007fff91c3b000 	C:\Windows\System32\rasadhlp.dll
0x00007fff92e80000 - 0x00007fff92f06000 	C:\WINDOWS\System32\fwpuclnt.dll
0x00007fff966e0000 - 0x00007fff966e8000 	C:\WINDOWS\system32\wshunix.dll

dbghelp: loaded successfully - version: 4.0.5 - missing functions: none
symbol engine: initialized successfully - sym options: 0x614 - pdb path: .;C:\Users\asus\.jdks\openjdk-24\bin;C:\WINDOWS\SYSTEM32;C:\WINDOWS\WinSxS\amd64_microsoft.windows.common-controls_6595b64144ccf1df_6.0.26100.5710_none_3e07c7e0e334d9e8;C:\Program Files\Windhawk\Engine\1.6.1\64;C:\Users\asus\.jdks\openjdk-24\bin\server

VM Arguments:
jvm_args: -javaagent:C:\Program Files\JetBrains\IntelliJ IDEA Community Edition 2023.3.3\lib\idea_rt.jar=14775 -Dfile.encoding=UTF-8 -Dsun.stdout.encoding=UTF-8 -Dsun.stderr.encoding=UTF-8 
java_command: com.server.eureka.EurekaApplication
java_class_path (initial): C:\Users\asus\IdeaProjects\fitness-app-microservices-main\fitness-app-microservices-main\eureka\target\classes;C:\Users\asus\.m2\repository\org\springframework\cloud\spring-cloud-starter-netflix-eureka-server\4.2.0\spring-cloud-starter-netflix-eureka-server-4.2.0.jar;C:\Users\asus\.m2\repository\org\springframework\cloud\spring-cloud-starter\4.2.0\spring-cloud-starter-4.2.0.jar;C:\Users\asus\.m2\repository\org\springframework\cloud\spring-cloud-context\4.2.0\spring-cloud-context-4.2.0.jar;C:\Users\asus\.m2\repository\org\springframework\security\spring-security-crypto\6.4.3\spring-security-crypto-6.4.3.jar;C:\Users\asus\.m2\repository\org\springframework\cloud\spring-cloud-commons\4.2.0\spring-cloud-commons-4.2.0.jar;C:\Users\asus\.m2\repository\org\bouncycastle\bcprov-jdk18on\1.78.1\bcprov-jdk18on-1.78.1.jar;C:\Users\asus\.m2\repository\org\springframework\cloud\spring-cloud-netflix-eureka-server\4.2.0\spring-cloud-netflix-eureka-server-4.2.0.jar;C:\Users\asus\.m2\repository\org\springframework\boot\spring-boot-starter-web\3.4.3\spring-boot-starter-web-3.4.3.jar;C:\Users\asus\.m2\repository\org\springframework\boot\spring-boot-starter-json\3.4.3\spring-boot-starter-json-3.4.3.jar;C:\Users\asus\.m2\repository\com\fasterxml\jackson\datatype\jackson-datatype-jdk8\2.18.2\jackson-datatype-jdk8-2.18.2.jar;C:\Users\asus\.m2\repository\com\fasterxml\jackson\datatype\jackson-datatype-jsr310\2.18.2\jackson-datatype-jsr310-2.18.2.jar;C:\Users\asus\.m2\repository\com\fasterxml\jackson\module\jackson-module-parameter-names\2.18.2\jackson-module-parameter-names-2.18.2.jar;C:\Users\asus\.m2\repository\org\springframework\boot\spring-boot-starter-tomcat\3.4.3\spring-boot-starter-tomcat-3.4.3.jar;C:\Users\asus\.m2\repository\org\apache\tomcat\embed\tomcat-embed-core\10.1.36\tomcat-embed-core-10.1.36.jar;C:\Users\asus\.m2\repository\org\apache\tomcat\embed\tomcat-embed-el\10.1.36\tomcat-embed-el-10.1.36.jar;C:\Users\asus\.m2\repository\org\apache\tomcat\embed\tomcat-embed-websocket\10.1.36\tomcat-embed-websocket-10.1.36.jar;C:\Users\asus\.m2\repository\org\springframework\spring-web\6.2.3\spring-web-6.2.3.jar;C:\Users\asus\.m2\repository\org\springframework\spring-beans\6.2.3\spring-beans-6.2.3.jar;C:\Users\asus\.m2\repository\org\springframework\spring-webmvc\6.2.3\spring-webmvc-6.2.3.jar;C:\Users\asus\.m2\repository\org\springframework\spring-aop\6.2.3\spring-aop-6.2.3.jar;C:\Users\asus\.m2\repository\org\springframework\spring-expression\6.2.3\spring-expression-6.2.3.jar;C:\Users\asus\.m2\repository\org\springframework\boot\spring-boot-starter-actuator\3.4.3\spring-boot-starter-actuator-3.4.3.jar;C:\Users\asus\.m2\repository\org\springframework\boot\spring-boot-actuator-autoconfigure\3.4.3\spring-boot-actuator-autoconfigure-3.4.3.jar;C:\Users\asus\.m2\repository\org\springframework\boot\spring-boot-actuator\3.4.3\spring-boot-actuator-3.4.3.jar;C:\Users\asus\.m2\repository\io\micrometer\micrometer-observation\1.14.4\micrometer-observation-1.14.4.jar;C:\Users\asus\.m2\repository\io\micrometer\micrometer-commons\1.14.4\micrometer-commons-1.14.4.jar;C:\Users\asus\.m2\repository\io\micrometer\micrometer-jakarta9\1.14.4\micrometer-jakarta9-1.14.4.jar;C:\Users\asus\.m2\repository\io\micrometer\micrometer-core\1.14.4\micrometer-core-1.14.4.jar;C:\Users\asus\.m2\repository\org\hdrhistogram\HdrHistogram\2.2.2\HdrHistogram-2.2.2.jar;C:\Users\asus\.m2\repository\org\latencyutils\LatencyUtils\2.0.3\LatencyUtils-2.0.3.jar;C:\Users\asus\.m2\repository\org\springframework\boot\spring-boot-starter-freemarker\3.4.3\spring-boot-starter-freemarker-3.4.3.jar;C:\Users\asus\.m2\repository\org\freemarker\freemarker\2.3.34\freemarker-2.3.34.jar;C:\Users\asus\.m2\repository\org\springframework\spring-context-support\6.2.3\spring-context-support-6.2.3.jar;C:\Users\asus\.m2\repository\org\springframework\cloud\spring-cloud-netflix-eureka-client\4.2.0\spring-cloud-netflix-eureka-client-4.2.0.jar;C:\Users\asus\.m2\repository\com\netflix\eureka\eureka-client\2.0.4\eureka-client-2.0.4.jar;C:\Users\asus\.m2\repository\com\thoughtworks\xstream\xstream\1.4.20\xstream-1.4.20.jar;C:\Users\asus\.m2\repository\io\github\x-stream\mxparser\1.2.2\mxparser-1.2.2.jar;C:\Users\asus\.m2\repository\xmlpull\xmlpull\1.1.3.1\xmlpull-1.1.3.1.jar;C:\Users\asus\.m2\repository\com\netflix\spectator\spectator-api\1.7.3\spectator-api-1.7.3.jar;C:\Users\asus\.m2\repository\org\apache\httpcomponents\httpclient\4.5.3\httpclient-4.5.3.jar;C:\Users\asus\.m2\repository\org\apache\httpcomponents\httpcore\4.4.16\httpcore-4.4.16.jar;C:\Users\asus\.m2\repository\commons-configuration\commons-configuration\1.10\commons-configuration-1.10.jar;C:\Users\asus\.m2\repository\commons-lang\commons-lang\2.6\commons-lang-2.6.jar;C:\Users\asus\.m2\repository\com\netflix\netflix-commons\netflix-eventbus\0.3.0\netflix-eventbus-0.3.0.jar;C:\Users\asus\.m2\repository\com\netflix\netflix-commons\netflix-infix\0.3.0\netflix-infix-0.3.0.jar;C:\Users\asus\.m2\repository\commons-jxpath\commons-jxpath\1.3\commons-jxpath-1.3.jar;C:\Users\asus\.m2\repository\joda-time\joda-time\2.3\joda-time-2.3.jar;C:\Users\asus\.m2\repository\org\antlr\antlr-runtime\3.4\antlr-runtime-3.4.jar;C:\Users\asus\.m2\repository\org\antlr\stringtemplate\3.2.1\stringtemplate-3.2.1.jar;C:\Users\asus\.m2\repository\antlr\antlr\2.7.7\antlr-2.7.7.jar;C:\Users\asus\.m2\repository\com\google\code\gson\gson\2.11.0\gson-2.11.0.jar;C:\Users\asus\.m2\repository\com\netflix\servo\servo-core\0.5.3\servo-core-0.5.3.jar;C:\Users\asus\.m2\repository\org\apache\commons\commons-math\2.2\commons-math-2.2.jar;C:\Users\asus\.m2\repository\javax\annotation\javax.annotation-api\1.2\javax.annotation-api-1.2.jar;C:\Users\asus\.m2\repository\org\codehaus\jettison\jettison\1.5.4\jettison-1.5.4.jar;C:\Users\asus\.m2\repository\org\apache\httpcomponents\client5\httpclient5\5.4.2\httpclient5-5.4.2.jar;C:\Users\asus\.m2\repository\org\apache\httpcomponents\core5\httpcore5\5.3.3\httpcore5-5.3.3.jar;C:\Users\asus\.m2\repository\org\apache\httpcomponents\core5\httpcore5-h2\5.3.3\httpcore5-h2-5.3.3.jar;C:\Users\asus\.m2\repository\com\netflix\eureka\eureka-client-jersey3\2.0.4\eureka-client-jersey3-2.0.4.jar;C:\Users\asus\.m2\repository\org\glassfish\jersey\connectors\jersey-apache-connector\3.1.10\jersey-apache-connector-3.1.10.jar;C:\Users\asus\.m2\repository\commons-codec\commons-codec\1.17.2\commons-codec-1.17.2.jar;C:\Users\asus\.m2\repository\commons-logging\commons-logging\1.3.4\commons-logging-1.3.4.jar;C:\Users\asus\.m2\repository\com\netflix\eureka\eureka-core-jersey3\2.0.4\eureka-core-jersey3-2.0.4.jar;C:\Users\asus\.m2\repository\com\netflix\eureka\eureka-core\2.0.4\eureka-core-2.0.4.jar;C:\Users\asus\.m2\repository\com\google\guava\guava\33.0.0-jre\guava-33.0.0-jre.jar;C:\Users\asus\.m2\repository\com\google\guava\failureaccess\1.0.2\failureaccess-1.0.2.jar;C:\Users\asus\.m2\repository\com\google\guava\listenablefuture\9999.0-empty-to-avoid-conflict-with-guava\listenablefuture-9999.0-empty-to-avoid-conflict-with-guava.jar;C:\Users\asus\.m2\repository\org\checkerframework\checker-qual\3.41.0\checker-qual-3.41.0.jar;C:\Users\asus\.m2\repository\com\google\errorprone\error_prone_annotations\2.23.0\error_prone_annotations-2.23.0.jar;C:\Users\asus\.m2\repository\com\google\j2objc\j2objc-annotations\2.8\j2objc-annotations-2.8.jar;C:\Users\asus\.m2\repository\org\glassfish\jersey\containers\jersey-container-servlet\3.1.10\jersey-container-servlet-3.1.10.jar;C:\Users\asus\.m2\repository\org\glassfish\jersey\containers\jersey-container-servlet-core\3.1.10\jersey-container-servlet-core-3.1.10.jar;C:\Users\asus\.m2\repository\org\glassfish\jersey\core\jersey-common\3.1.10\jersey-common-3.1.10.jar;C:\Users\asus\.m2\repository\org\glassfish\hk2\osgi-resource-locator\1.0.3\osgi-resource-locator-1.0.3.jar;C:\Users\asus\.m2\repository\jakarta\ws\rs\jakarta.ws.rs-api\3.1.0\jakarta.ws.rs-api-3.1.0.jar;C:\Users\asus\.m2\repository\org\glassfish\jersey\core\jersey-server\3.1.10\jersey-server-3.1.10.jar;C:\Users\asus\.m2\repository\jakarta\inject\jakarta.inject-api\2.0.1\jakarta.inject-api-2.0.1.jar;C:\Users\asus\.m2\repository\jakarta\validation\jakarta.validation-api\3.0.2\jakarta.validation-api-3.0.2.jar;C:\Users\asus\.m2\repository\org\glassfish\jersey\core\jersey-client\3.1.10\jersey-client-3.1.10.jar;C:\Users\asus\.m2\repository\org\glassfish\jersey\inject\jersey-hk2\3.1.10\jersey-hk2-3.1.10.jar;C:\Users\asus\.m2\repository\org\glassfish\hk2\hk2-locator\3.0.6\hk2-locator-3.0.6.jar;C:\Users\asus\.m2\repository\org\glassfish\hk2\external\aopalliance-repackaged\3.0.6\aopalliance-repackaged-3.0.6.jar;C:\Users\asus\.m2\repository\org\glassfish\hk2\hk2-utils\3.0.6\hk2-utils-3.0.6.jar;C:\Users\asus\.m2\repository\org\javassist\javassist\3.30.2-GA\javassist-3.30.2-GA.jar;C:\Users\asus\.m2\repository\org\glassfish\hk2\spring-bridge\3.1.1\spring-bridge-3.1.1.jar;C:\Users\asus\.m2\repository\org\glassfish\hk2\hk2-api\3.1.1\hk2-api-3.1.1.jar;C:\Users\asus\.m2\repository\org\springframework\spring-context\6.2.3\spring-context-6.2.3.jar;C:\Users\asus\.m2\repository\com\fasterxml\jackson\dataformat\jackson-dataformat-xml\2.18.2\jackson-dataformat-xml-2.18.2.jar;C:\Users\asus\.m2\repository\com\fasterxml\jackson\core\jackson-core\2.18.2\jackson-core-2.18.2.jar;C:\Users\asus\.m2\repository\com\fasterxml\jackson\core\jackson-annotations\2.18.2\jackson-annotations-2.18.2.jar;C:\Users\asus\.m2\repository\com\fasterxml\jackson\core\jackson-databind\2.18.2\jackson-databind-2.18.2.jar;C:\Users\asus\.m2\repository\org\codehaus\woodstox\stax2-api\4.2.2\stax2-api-4.2.2.jar;C:\Users\asus\.m2\repository\com\fasterxml\woodstox\woodstox-core\7.0.0\woodstox-core-7.0.0.jar;C:\Users\asus\.m2\repository\org\springframework\cloud\spring-cloud-starter-loadbalancer\4.2.0\spring-cloud-starter-loadbalancer-4.2.0.jar;C:\Users\asus\.m2\repository\org\springframework\cloud\spring-cloud-loadbalancer\4.2.0\spring-cloud-loadbalancer-4.2.0.jar;C:\Users\asus\.m2\repository\io\projectreactor\reactor-core\3.7.3\reactor-core-3.7.3.jar;C:\Users\asus\.m2\repository\org\reactivestreams\reactive-streams\1.0.4\reactive-streams-1.0.4.jar;C:\Users\asus\.m2\repository\io\projectreactor\addons\reactor-extra\3.5.2\reactor-extra-3.5.2.jar;C:\Users\asus\.m2\repository\org\springframework\boot\spring-boot-starter-cache\3.4.3\spring-boot-starter-cache-3.4.3.jar;C:\Users\asus\.m2\repository\com\stoyanr\evictor\1.0.0\evictor-1.0.0.jar;C:\Users\asus\.m2\repository\org\glassfish\jaxb\jaxb-runtime\4.0.5\jaxb-runtime-4.0.5.jar;C:\Users\asus\.m2\repository\org\glassfish\jaxb\jaxb-core\4.0.5\jaxb-core-4.0.5.jar;C:\Users\asus\.m2\repository\org\eclipse\angus\angus-activation\2.0.2\angus-activation-2.0.2.jar;C:\Users\asus\.m2\repository\org\glassfish\jaxb\txw2\4.0.5\txw2-4.0.5.jar;C:\Users\asus\.m2\repository\com\sun\istack\istack-commons-runtime\4.1.2\istack-commons-runtime-4.1.2.jar;C:\Users\asus\.m2\repository\org\springframework\boot\spring-boot-starter\3.4.3\spring-boot-starter-3.4.3.jar;C:\Users\asus\.m2\repository\org\springframework\boot\spring-boot\3.4.3\spring-boot-3.4.3.jar;C:\Users\asus\.m2\repository\org\springframework\boot\spring-boot-autoconfigure\3.4.3\spring-boot-autoconfigure-3.4.3.jar;C:\Users\asus\.m2\repository\org\springframework\boot\spring-boot-starter-logging\3.4.3\spring-boot-starter-logging-3.4.3.jar;C:\Users\asus\.m2\repository\ch\qos\logback\logback-classic\1.5.16\logback-classic-1.5.16.jar;C:\Users\asus\.m2\repository\ch\qos\logback\logback-core\1.5.16\logback-core-1.5.16.jar;C:\Users\asus\.m2\repository\org\apache\logging\log4j\log4j-to-slf4j\2.24.3\log4j-to-slf4j-2.24.3.jar;C:\Users\asus\.m2\repository\org\apache\logging\log4j\log4j-api\2.24.3\log4j-api-2.24.3.jar;C:\Users\asus\.m2\repository\org\slf4j\jul-to-slf4j\2.0.16\jul-to-slf4j-2.0.16.jar;C:\Users\asus\.m2\repository\jakarta\annotation\jakarta.annotation-api\2.1.1\jakarta.annotation-api-2.1.1.jar;C:\Users\asus\.m2\repository\org\yaml\snakeyaml\2.3\snakeyaml-2.3.jar;C:\Users\asus\.m2\repository\org\slf4j\slf4j-api\2.0.16\slf4j-api-2.0.16.jar;C:\Users\asus\.m2\repository\jakarta\xml\bind\jakarta.xml.bind-api\4.0.2\jakarta.xml.bind-api-4.0.2.jar;C:\Users\asus\.m2\repository\jakarta\activation\jakarta.activation-api\2.1.3\jakarta.activation-api-2.1.3.jar;C:\Users\asus\.m2\repository\org\springframework\spring-core\6.2.3\spring-core-6.2.3.jar;C:\Users\asus\.m2\repository\org\springframework\spring-jcl\6.2.3\spring-jcl-6.2.3.jar
Launcher Type: SUN_STANDARD

[Global flags]
     intx CICompilerCount                          = 4                                         {product} {ergonomic}
     uint ConcGCThreads                            = 2                                         {product} {ergonomic}
     uint G1ConcRefinementThreads                  = 8                                         {product} {ergonomic}
   size_t G1HeapRegionSize                         = 1048576                                   {product} {ergonomic}
   size_t InitialHeapSize                          = 132120576                                 {product} {ergonomic}
   size_t MarkStackSize                            = 4194304                                   {product} {ergonomic}
   size_t MarkStackSizeMax                         = 536870912                                 {product} {ergonomic}
   size_t MaxHeapSize                              = 2105540608                                {product} {ergonomic}
   size_t MaxNewSize                               = 1262485504                                {product} {ergonomic}
   size_t MinHeapDeltaBytes                        = 1048576                                   {product} {ergonomic}
   size_t MinHeapSize                              = 8388608                                   {product} {ergonomic}
    uintx NonNMethodCodeHeapSize                   = 5832704                                {pd product} {ergonomic}
    uintx NonProfiledCodeHeapSize                  = 122945536                              {pd product} {ergonomic}
    uintx ProfiledCodeHeapSize                     = 122880000                              {pd product} {ergonomic}
    uintx ReservedCodeCacheSize                    = 251658240                              {pd product} {ergonomic}
     bool SegmentedCodeCache                       = true                                      {product} {ergonomic}
   size_t SoftMaxHeapSize                          = 2105540608                             {manageable} {ergonomic}
     bool UseCompressedOops                        = true                           {product lp64_product} {ergonomic}
     bool UseG1GC                                  = true                                      {product} {ergonomic}
     bool UseLargePagesIndividualAllocation        = false                                  {pd product} {ergonomic}

Logging:
Log output configuration:
 #0: stdout all=warning uptime,level,tags foldmultilines=false
 #1: stderr all=off uptime,level,tags foldmultilines=false

Environment Variables:
PATH=C:\Program Files (x86)\VMware\VMware Workstation\bin\;C:\Program Files\Common Files\Oracle\Java\javapath;C:\WINDOWS\system32;C:\WINDOWS;C:\WINDOWS\System32\Wbem;C:\WINDOWS\System32\WindowsPowerShell\v1.0\;C:\WINDOWS\System32\OpenSSH\;C:\Program Files\dotnet\;C:\Program Files\MongoDB\Server\7.0\bin;C:\Program Files\Git\cmd;C:\Program Files\Git\bin;C:\Program Files\MySQL\MySQL Server 8.0\bin;C:\ProgramData\chocolatey\bin;C:\Program Files\Docker\Docker\resources\bin;C:\Program Files\Kubernetes\Minikube;C:\Users\asus\AppData\Local\Programs\Python\Python313;C:\Users\asus\AppData\Local\Programs\Python\Python313\Scripts;C:\Program Files\nodejs\;C:\Users\asus\Documents\stripe.exe;C:\Users\asus\Documents\stripe_1.23.3_windows_x86_64;C:\Users\asus\Downloads\apache-maven-3.9.9-bin.zip\apache-maven-3.9.9\bin;C:\Users\asus\Documents\apache-maven-3.9.9\bin;C:\WINDOWS\system32;C:\WINDOWS;C:\WINDOWS\System32\Wbem;C:\WINDOWS\System32\WindowsPowerShell\v1.0\;C:\WINDOWS\System32\OpenSSH\;C:\FOSSEE\KiCad\bin;C:\FOSSEE\eSim\nghdl\src;C:\FOSSEE\MSYS\usr\bin;C:\FOSSEE\MSYS\mingw64\bin;C:\FOSSEE\nghdl-simulator\bin;C:\Users\asus\.config\herd\bin\nvm;C:\Program Files\nodejs;C:\Users\asus\.config\herd\bin;C:\Users\asus\AppData\Local\Programs\Python\Launcher\;C:\Program Files\MySQL\MySQL Shell 8.0\bin\;C:\Users\asus\AppData\Local\Microsoft\WindowsApps;C:\Users\asus\AppData\Local\Programs\Microsoft VS Code\bin;C:\Users\asus\AppData\Local\GitHubDesktop\bin;C:\Program Files\Git\cmd;C:\Program Files\Docker\Docker\resources\bin;;C:\Users\asus\AppData\Local\Programs\oh-my-posh\bin;C:\Users\asus\AppData\Roaming\npm
USERNAME=asus
OS=Windows_NT
PROCESSOR_IDENTIFIER=Intel64 Family 6 Model 165 Stepping 2, GenuineIntel
TMP=C:\Users\asus\AppData\Local\Temp
TEMP=C:\Users\asus\AppData\Local\Temp




Periodic native trim disabled

---------------  S Y S T E M  ---------------

OS:
 Windows 11 , 64 bit Build 26100 (10.0.26100.5702)
OS uptime: 0 days 0:42 hours
Hyper-V role detected

CPU: total 8 (initial active 8) (4 cores per cpu, 2 threads per core) family 6 model 165 stepping 2 microcode 0xe0, cx8, cmov, fxsr, ht, mmx, 3dnowpref, sse, sse2, sse3, ssse3, sse4.1, sse4.2, popcnt, lzcnt, tsc, tscinvbit, avx, avx2, aes, erms, clmul, bmi1, bmi2, adx, fma, vzeroupper, clflush, clflushopt, hv, rdtscp, f16c
Processor Information for the first 8 processors :
  Max Mhz: 2496, Current Mhz: 2496, Mhz Limit: 2496

Memory: 4k page, system-wide physical 8029M (388M free)
TotalPageFile size 20829M (AvailPageFile size 0M)
current process WorkingSet (physical memory assigned to process): 50M, peak: 280M
current process commit charge ("private bytes"): 280M, peak: 327M

vm_info: OpenJDK 64-Bit Server VM (24+36-3646) for windows-amd64 JRE (24+36-3646), built on 2025-02-06T00:20:43Z with MS VC++ 17.6 (VS2022)

END.
