#
# There is insufficient memory for the Java Runtime Environment to continue.
# Native memory allocation (malloc) failed to allocate 629776 bytes for Chunk::new
# Possible reasons:
#   The system is out of physical RAM or swap space
#   The process is running with CompressedOops enabled, and the Java Heap may be blocking the growth of the native heap
# Possible solutions:
#   Reduce memory load on the system
#   Increase physical memory or swap space
#   Check if swap backing store is full
#   Decrease Java heap size (-Xmx/-Xms)
#   Decrease number of Java threads
#   Decrease Java thread stack sizes (-Xss)
#   Set larger code cache with -XX:ReservedCodeCacheSize=
#   JVM is running with Unscaled Compressed Oops mode in which the Java heap is
#     placed in the first 4GB address space. The Java Heap base address is the
#     maximum limit for the native heap growth. Please use -XX:HeapBaseMinAddress
#     to set the Java Heap base and to place the Java Heap above 4GB virtual address.
# This output file may be truncated or incomplete.
#
#  Out of Memory Error (arena.cpp:168), pid=21440, tid=5244
#
# JRE version: Java(TM) SE Runtime Environment (21.0.2+13) (build 21.0.2+13-LTS-58)
# Java VM: Java HotSpot(TM) 64-Bit Server VM (21.0.2+13-LTS-58, mixed mode, sharing, tiered, compressed oops, compressed class ptrs, g1 gc, windows-amd64)
# No core dump will be written. Minidumps are not enabled by default on client versions of Windows
#

---------------  S U M M A R Y ------------

Command Line: -javaagent:C:\Program Files\JetBrains\IntelliJ IDEA Community Edition 2023.3.3\lib\idea_rt.jar=44874 -Dfile.encoding=UTF-8 -Dsun.stdout.encoding=UTF-8 -Dsun.stderr.encoding=UTF-8 com.fitness.configserver.ConfigserverApplication

Host: Intel(R) Core(TM) i5-10300H CPU @ 2.50GHz, 8 cores, 7G,  Windows 11 , 64 bit Build 26100 (10.0.26100.5702)
Time: Sun Dec  7 10:25:52 2025 India Standard Time elapsed time: 274.883754 seconds (0d 0h 4m 34s)

---------------  T H R E A D  ---------------

Current thread (0x0000026b2e663530):  JavaThread "C2 CompilerThread0" daemon [_thread_in_native, id=5244, stack(0x000000968e500000,0x000000968e600000) (1024K)]


Current CompileTask:
C2: 274883 5524       4       org.springframework.boot.context.properties.source.SpringIterableConfigurationPropertySource::containsDescendantOf (102 bytes)

Stack: [0x000000968e500000,0x000000968e600000]
Native frames: (J=compiled Java code, j=interpreted, Vv=VM code, C=native code)
V  [jvm.dll+0x6cade9]
V  [jvm.dll+0x8569c1]
V  [jvm.dll+0x858d2e]
V  [jvm.dll+0x859413]
V  [jvm.dll+0x280e56]
V  [jvm.dll+0xc3f3d]
V  [jvm.dll+0xc4473]
V  [jvm.dll+0x2f437f]
V  [jvm.dll+0x5f5056]
V  [jvm.dll+0x252d7f]
V  [jvm.dll+0x24b637]
V  [jvm.dll+0x2490a3]
V  [jvm.dll+0x1c9634]
V  [jvm.dll+0x258859]
V  [jvm.dll+0x256e3a]
V  [jvm.dll+0x3ef6c6]
V  [jvm.dll+0x7ff568]
V  [jvm.dll+0x6c953d]
C  [ucrtbase.dll+0x37b0]
C  [KERNEL32.DLL+0x2e8d7]
C  [ntdll.dll+0x128dc]


---------------  P R O C E S S  ---------------

Threads class SMR info:
_java_thread_list=0x0000026b75e05240, length=27, elements={
0x0000026b2e64c610, 0x0000026b2e64d9f0, 0x0000026b2e651300, 0x0000026b2e651cd0,
0x0000026b2e652eb0, 0x0000026b2e664640, 0x0000026b2e663530, 0x0000026b2e6774b0,
0x0000026b2e68e4d0, 0x0000026b74180eb0, 0x0000026b74181520, 0x0000026b77d8e8c0,
0x0000026b7777c290, 0x0000026b778d4d30, 0x0000026b768a9dc0, 0x0000026b768a8380,
0x0000026b768a8a10, 0x0000026b768a6940, 0x0000026b768a90a0, 0x0000026b768a6fd0,
0x0000026b768a7660, 0x0000026b75d53aa0, 0x0000026b75d52d80, 0x0000026b75d54130,
0x0000026b75d53410, 0x0000026b75d526f0, 0x0000026b75d52060
}

Java Threads: ( => current thread )
  0x0000026b2e64c610 JavaThread "Reference Handler"          daemon [_thread_blocked, id=14680, stack(0x000000968df00000,0x000000968e000000) (1024K)]
  0x0000026b2e64d9f0 JavaThread "Finalizer"                  daemon [_thread_blocked, id=13876, stack(0x000000968e000000,0x000000968e100000) (1024K)]
  0x0000026b2e651300 JavaThread "Signal Dispatcher"          daemon [_thread_blocked, id=10216, stack(0x000000968e100000,0x000000968e200000) (1024K)]
  0x0000026b2e651cd0 JavaThread "Attach Listener"            daemon [_thread_blocked, id=13132, stack(0x000000968e200000,0x000000968e300000) (1024K)]
  0x0000026b2e652eb0 JavaThread "Service Thread"             daemon [_thread_blocked, id=15580, stack(0x000000968e300000,0x000000968e400000) (1024K)]
  0x0000026b2e664640 JavaThread "Monitor Deflation Thread"   daemon [_thread_blocked, id=2004, stack(0x000000968e400000,0x000000968e500000) (1024K)]
=>0x0000026b2e663530 JavaThread "C2 CompilerThread0"         daemon [_thread_in_native, id=5244, stack(0x000000968e500000,0x000000968e600000) (1024K)]
  0x0000026b2e6774b0 JavaThread "C1 CompilerThread0"         daemon [_thread_blocked, id=14592, stack(0x000000968e600000,0x000000968e700000) (1024K)]
  0x0000026b2e68e4d0 JavaThread "Common-Cleaner"             daemon [_thread_blocked, id=16280, stack(0x000000968e700000,0x000000968e800000) (1024K)]
  0x0000026b74180eb0 JavaThread "Monitor Ctrl-Break"         daemon [_thread_in_native, id=22496, stack(0x000000968e900000,0x000000968ea00000) (1024K)]
  0x0000026b74181520 JavaThread "Notification Thread"        daemon [_thread_blocked, id=15824, stack(0x000000968ea00000,0x000000968eb00000) (1024K)]
  0x0000026b77d8e8c0 JavaThread "Catalina-utility-1"                [_thread_blocked, id=15092, stack(0x000000968e800000,0x000000968e900000) (1024K)]
  0x0000026b7777c290 JavaThread "Catalina-utility-2"                [_thread_blocked, id=13404, stack(0x000000968f600000,0x000000968f700000) (1024K)]
  0x0000026b778d4d30 JavaThread "container-0"                       [_thread_blocked, id=15284, stack(0x000000968f700000,0x000000968f800000) (1024K)]
  0x0000026b768a9dc0 JavaThread "http-nio-8889-exec-1"       daemon [_thread_blocked, id=19200, stack(0x000000968f400000,0x000000968f500000) (1024K)]
  0x0000026b768a8380 JavaThread "http-nio-8889-exec-2"       daemon [_thread_blocked, id=5824, stack(0x000000968f900000,0x000000968fa00000) (1024K)]
  0x0000026b768a8a10 JavaThread "http-nio-8889-exec-3"       daemon [_thread_blocked, id=18816, stack(0x000000968fa00000,0x000000968fb00000) (1024K)]
  0x0000026b768a6940 JavaThread "http-nio-8889-exec-4"       daemon [_thread_blocked, id=6392, stack(0x000000968fb00000,0x000000968fc00000) (1024K)]
  0x0000026b768a90a0 JavaThread "http-nio-8889-exec-5"       daemon [_thread_blocked, id=18348, stack(0x000000968fc00000,0x000000968fd00000) (1024K)]
  0x0000026b768a6fd0 JavaThread "http-nio-8889-exec-6"       daemon [_thread_blocked, id=2384, stack(0x000000968fd00000,0x000000968fe00000) (1024K)]
  0x0000026b768a7660 JavaThread "http-nio-8889-exec-7"       daemon [_thread_blocked, id=21640, stack(0x000000968fe00000,0x000000968ff00000) (1024K)]
  0x0000026b75d53aa0 JavaThread "http-nio-8889-exec-8"       daemon [_thread_blocked, id=9156, stack(0x000000968ff00000,0x0000009690000000) (1024K)]
  0x0000026b75d52d80 JavaThread "http-nio-8889-exec-9"       daemon [_thread_blocked, id=3892, stack(0x0000009690000000,0x0000009690100000) (1024K)]
  0x0000026b75d54130 JavaThread "http-nio-8889-exec-10"      daemon [_thread_blocked, id=10584, stack(0x0000009690100000,0x0000009690200000) (1024K)]
  0x0000026b75d53410 JavaThread "http-nio-8889-Poller"       daemon [_thread_in_native, id=6400, stack(0x0000009690200000,0x0000009690300000) (1024K)]
  0x0000026b75d526f0 JavaThread "http-nio-8889-Acceptor"     daemon [_thread_in_native, id=3760, stack(0x0000009690300000,0x0000009690400000) (1024K)]
  0x0000026b75d52060 JavaThread "DestroyJavaVM"                     [_thread_blocked, id=144, stack(0x000000968d700000,0x000000968d800000) (1024K)]
Total: 27

Other Threads:
  0x0000026b2e62a2d0 VMThread "VM Thread"                           [id=6940, stack(0x000000968de00000,0x000000968df00000) (1024K)]
  0x0000026b2e613c90 WatcherThread "VM Periodic Task Thread"        [id=16200, stack(0x000000968dd00000,0x000000968de00000) (1024K)]
  0x0000026b11597470 WorkerThread "GC Thread#0"                     [id=18164, stack(0x000000968d800000,0x000000968d900000) (1024K)]
  0x0000026b742c4300 WorkerThread "GC Thread#1"                     [id=17260, stack(0x000000968ec00000,0x000000968ed00000) (1024K)]
  0x0000026b74798cb0 WorkerThread "GC Thread#2"                     [id=11220, stack(0x000000968ed00000,0x000000968ee00000) (1024K)]
  0x0000026b74c8db40 WorkerThread "GC Thread#3"                     [id=12680, stack(0x000000968ee00000,0x000000968ef00000) (1024K)]
  0x0000026b744b8030 WorkerThread "GC Thread#4"                     [id=11564, stack(0x000000968ef00000,0x000000968f000000) (1024K)]
  0x0000026b744b83d0 WorkerThread "GC Thread#5"                     [id=22512, stack(0x000000968f000000,0x000000968f100000) (1024K)]
  0x0000026b74f10f40 WorkerThread "GC Thread#6"                     [id=13628, stack(0x000000968f100000,0x000000968f200000) (1024K)]
  0x0000026b74f112e0 WorkerThread "GC Thread#7"                     [id=18064, stack(0x000000968f200000,0x000000968f300000) (1024K)]
  0x0000026b115a8300 ConcurrentGCThread "G1 Main Marker"            [id=6496, stack(0x000000968d900000,0x000000968da00000) (1024K)]
  0x0000026b115aa820 WorkerThread "G1 Conc#0"                       [id=1132, stack(0x000000968da00000,0x000000968db00000) (1024K)]
  0x0000026b74f483d0 WorkerThread "G1 Conc#1"                       [id=16652, stack(0x000000968f500000,0x000000968f600000) (1024K)]
  0x0000026b2e4e8180 ConcurrentGCThread "G1 Refine#0"               [id=20328, stack(0x000000968db00000,0x000000968dc00000) (1024K)]
  0x0000026b2e4ea5c0 ConcurrentGCThread "G1 Service"                [id=18480, stack(0x000000968dc00000,0x000000968dd00000) (1024K)]
Total: 15

Threads with active compile tasks:
C2 CompilerThread0   274908 5524       4       org.springframework.boot.context.properties.source.SpringIterableConfigurationPropertySource::containsDescendantOf (102 bytes)
Total: 1

VM state: not at safepoint (normal execution)

VM Mutex/Monitor currently owned by a thread: None

Heap address: 0x0000000082800000, size: 2008 MB, Compressed Oops mode: 32-bit

CDS archive(s) mapped at: [0x0000026b2f000000-0x0000026b2fc90000-0x0000026b2fc90000), size 13172736, SharedBaseAddress: 0x0000026b2f000000, ArchiveRelocationMode: 1.
Compressed class space mapped at: 0x0000026b30000000-0x0000026b70000000, reserved size: 1073741824
Narrow klass base: 0x0000026b2f000000, Narrow klass shift: 0, Narrow klass range: 0x100000000

GC Precious Log:
 CardTable entry size: 512
 Card Set container configuration: InlinePtr #cards 5 size 8 Array Of Cards #cards 12 size 40 Howl #buckets 4 coarsen threshold 1843 Howl Bitmap #cards 512 size 80 coarsen threshold 460 Card regions per heap region 1 cards per card region 2048
 CPUs: 8 total, 8 available
 Memory: 8029M
 Large Page Support: Disabled
 NUMA Support: Disabled
 Compressed Oops: Enabled (32-bit)
 Heap Region Size: 1M
 Heap Min Capacity: 8M
 Heap Initial Capacity: 126M
 Heap Max Capacity: 2008M
 Pre-touch: Disabled
 Parallel Workers: 8
 Concurrent Workers: 2
 Concurrent Refinement Workers: 8
 Periodic GC: Disabled

Heap:
 garbage-first heap   total 78848K, used 61109K [0x0000000082800000, 0x0000000100000000)
  region size 1024K, 43 young (44032K), 6 survivors (6144K)
 Metaspace       used 39811K, committed 40384K, reserved 1114112K
  class space    used 5081K, committed 5312K, reserved 1048576K

Heap Regions: E=young(eden), S=young(survivor), O=old, HS=humongous(starts), HC=humongous(continues), CS=collection set, F=free, TAMS=top-at-mark-start, PB=parsable bottom
|   0|0x0000000082800000, 0x0000000082900000, 0x0000000082900000|100%|HS|  |TAMS 0x0000000082800000| PB 0x0000000082800000| Complete 
|   1|0x0000000082900000, 0x0000000082a00000, 0x0000000082a00000|100%| O|  |TAMS 0x0000000082900000| PB 0x0000000082900000| Untracked 
|   2|0x0000000082a00000, 0x0000000082b00000, 0x0000000082b00000|100%| O|  |TAMS 0x0000000082a00000| PB 0x0000000082a00000| Untracked 
|   3|0x0000000082b00000, 0x0000000082c00000, 0x0000000082c00000|100%| O|  |TAMS 0x0000000082b00000| PB 0x0000000082b00000| Untracked 
|   4|0x0000000082c00000, 0x0000000082d00000, 0x0000000082d00000|100%| O|  |TAMS 0x0000000082c00000| PB 0x0000000082c00000| Untracked 
|   5|0x0000000082d00000, 0x0000000082e00000, 0x0000000082e00000|100%| O|  |TAMS 0x0000000082d00000| PB 0x0000000082d00000| Untracked 
|   6|0x0000000082e00000, 0x0000000082f00000, 0x0000000082f00000|100%| O|  |TAMS 0x0000000082e00000| PB 0x0000000082e00000| Untracked 
|   7|0x0000000082f00000, 0x0000000083000000, 0x0000000083000000|100%| O|  |TAMS 0x0000000082f00000| PB 0x0000000082f00000| Untracked 
|   8|0x0000000083000000, 0x0000000083100000, 0x0000000083100000|100%| O|  |TAMS 0x0000000083000000| PB 0x0000000083000000| Untracked 
|   9|0x0000000083100000, 0x0000000083200000, 0x0000000083200000|100%| O|  |TAMS 0x0000000083100000| PB 0x0000000083100000| Untracked 
|  10|0x0000000083200000, 0x0000000083200000, 0x0000000083300000|  0%| F|  |TAMS 0x0000000083200000| PB 0x0000000083200000| Untracked 
|  11|0x0000000083300000, 0x0000000083400000, 0x0000000083400000|100%| O|  |TAMS 0x0000000083300000| PB 0x0000000083300000| Untracked 
|  12|0x0000000083400000, 0x0000000083500000, 0x0000000083500000|100%| O|Cm|TAMS 0x0000000083400000| PB 0x0000000083400000| Complete 
|  13|0x0000000083500000, 0x0000000083600000, 0x0000000083600000|100%| O|  |TAMS 0x0000000083500000| PB 0x0000000083500000| Untracked 
|  14|0x0000000083600000, 0x0000000083700000, 0x0000000083700000|100%| O|  |TAMS 0x0000000083600000| PB 0x0000000083600000| Untracked 
|  15|0x0000000083700000, 0x0000000083700000, 0x0000000083800000|  0%| F|  |TAMS 0x0000000083700000| PB 0x0000000083700000| Untracked 
|  16|0x0000000083800000, 0x0000000083900000, 0x0000000083900000|100%| O|  |TAMS 0x0000000083800000| PB 0x0000000083800000| Untracked 
|  17|0x0000000083900000, 0x0000000083a00000, 0x0000000083a00000|100%| O|  |TAMS 0x0000000083900000| PB 0x0000000083900000| Untracked 
|  18|0x0000000083a00000, 0x0000000083b00000, 0x0000000083b00000|100%| O|  |TAMS 0x0000000083a00000| PB 0x0000000083a00000| Untracked 
|  19|0x0000000083b00000, 0x0000000083c00000, 0x0000000083c00000|100%| O|  |TAMS 0x0000000083b00000| PB 0x0000000083b00000| Untracked 
|  20|0x0000000083c00000, 0x0000000083d00000, 0x0000000083d00000|100%| O|  |TAMS 0x0000000083c00000| PB 0x0000000083c00000| Untracked 
|  21|0x0000000083d00000, 0x0000000083d00000, 0x0000000083e00000|  0%| F|  |TAMS 0x0000000083d00000| PB 0x0000000083d00000| Untracked 
|  22|0x0000000083e00000, 0x0000000083e00000, 0x0000000083f00000|  0%| F|  |TAMS 0x0000000083e00000| PB 0x0000000083e00000| Untracked 
|  23|0x0000000083f00000, 0x0000000083f00000, 0x0000000084000000|  0%| F|  |TAMS 0x0000000083f00000| PB 0x0000000083f00000| Untracked 
|  24|0x0000000084000000, 0x0000000084000000, 0x0000000084100000|  0%| F|  |TAMS 0x0000000084000000| PB 0x0000000084000000| Untracked 
|  25|0x0000000084100000, 0x0000000084100000, 0x0000000084200000|  0%| F|  |TAMS 0x0000000084100000| PB 0x0000000084100000| Untracked 
|  26|0x0000000084200000, 0x0000000084200000, 0x0000000084300000|  0%| F|  |TAMS 0x0000000084200000| PB 0x0000000084200000| Untracked 
|  27|0x0000000084300000, 0x0000000084300000, 0x0000000084400000|  0%| F|  |TAMS 0x0000000084300000| PB 0x0000000084300000| Untracked 
|  28|0x0000000084400000, 0x0000000084400000, 0x0000000084500000|  0%| F|  |TAMS 0x0000000084400000| PB 0x0000000084400000| Untracked 
|  29|0x0000000084500000, 0x0000000084500000, 0x0000000084600000|  0%| F|  |TAMS 0x0000000084500000| PB 0x0000000084500000| Untracked 
|  30|0x0000000084600000, 0x0000000084600000, 0x0000000084700000|  0%| F|  |TAMS 0x0000000084600000| PB 0x0000000084600000| Untracked 
|  31|0x0000000084700000, 0x0000000084700000, 0x0000000084800000|  0%| F|  |TAMS 0x0000000084700000| PB 0x0000000084700000| Untracked 
|  32|0x0000000084800000, 0x0000000084800000, 0x0000000084900000|  0%| F|  |TAMS 0x0000000084800000| PB 0x0000000084800000| Untracked 
|  33|0x0000000084900000, 0x0000000084900000, 0x0000000084a00000|  0%| F|  |TAMS 0x0000000084900000| PB 0x0000000084900000| Untracked 
|  34|0x0000000084a00000, 0x0000000084af0268, 0x0000000084b00000| 93%| E|  |TAMS 0x0000000084a00000| PB 0x0000000084a00000| Complete 
|  35|0x0000000084b00000, 0x0000000084c00000, 0x0000000084c00000|100%| E|CS|TAMS 0x0000000084b00000| PB 0x0000000084b00000| Complete 
|  36|0x0000000084c00000, 0x0000000084d00000, 0x0000000084d00000|100%| E|CS|TAMS 0x0000000084c00000| PB 0x0000000084c00000| Complete 
|  37|0x0000000084d00000, 0x0000000084e00000, 0x0000000084e00000|100%| E|CS|TAMS 0x0000000084d00000| PB 0x0000000084d00000| Complete 
|  38|0x0000000084e00000, 0x0000000084f00000, 0x0000000084f00000|100%| E|CS|TAMS 0x0000000084e00000| PB 0x0000000084e00000| Complete 
|  39|0x0000000084f00000, 0x0000000085000000, 0x0000000085000000|100%| E|CS|TAMS 0x0000000084f00000| PB 0x0000000084f00000| Complete 
|  40|0x0000000085000000, 0x0000000085100000, 0x0000000085100000|100%| E|CS|TAMS 0x0000000085000000| PB 0x0000000085000000| Complete 
|  41|0x0000000085100000, 0x0000000085200000, 0x0000000085200000|100%| E|CS|TAMS 0x0000000085100000| PB 0x0000000085100000| Complete 
|  42|0x0000000085200000, 0x0000000085300000, 0x0000000085300000|100%| E|CS|TAMS 0x0000000085200000| PB 0x0000000085200000| Complete 
|  43|0x0000000085300000, 0x0000000085400000, 0x0000000085400000|100%| E|CS|TAMS 0x0000000085300000| PB 0x0000000085300000| Complete 
|  44|0x0000000085400000, 0x0000000085500000, 0x0000000085500000|100%| E|CS|TAMS 0x0000000085400000| PB 0x0000000085400000| Complete 
|  45|0x0000000085500000, 0x0000000085600000, 0x0000000085600000|100%| E|CS|TAMS 0x0000000085500000| PB 0x0000000085500000| Complete 
|  46|0x0000000085600000, 0x0000000085700000, 0x0000000085700000|100%| E|CS|TAMS 0x0000000085600000| PB 0x0000000085600000| Complete 
|  47|0x0000000085700000, 0x00000000857ad700, 0x0000000085800000| 67%| S|CS|TAMS 0x0000000085700000| PB 0x0000000085700000| Complete 
|  48|0x0000000085800000, 0x0000000085900000, 0x0000000085900000|100%| S|CS|TAMS 0x0000000085800000| PB 0x0000000085800000| Complete 
|  49|0x0000000085900000, 0x0000000085a00000, 0x0000000085a00000|100%| S|CS|TAMS 0x0000000085900000| PB 0x0000000085900000| Complete 
|  50|0x0000000085a00000, 0x0000000085b00000, 0x0000000085b00000|100%| S|CS|TAMS 0x0000000085a00000| PB 0x0000000085a00000| Complete 
|  51|0x0000000085b00000, 0x0000000085c00000, 0x0000000085c00000|100%| S|CS|TAMS 0x0000000085b00000| PB 0x0000000085b00000| Complete 
|  52|0x0000000085c00000, 0x0000000085d00000, 0x0000000085d00000|100%| S|CS|TAMS 0x0000000085c00000| PB 0x0000000085c00000| Complete 
|  53|0x0000000085d00000, 0x0000000085e00000, 0x0000000085e00000|100%| E|CS|TAMS 0x0000000085d00000| PB 0x0000000085d00000| Complete 
|  54|0x0000000085e00000, 0x0000000085f00000, 0x0000000085f00000|100%| E|CS|TAMS 0x0000000085e00000| PB 0x0000000085e00000| Complete 
|  55|0x0000000085f00000, 0x0000000086000000, 0x0000000086000000|100%| E|CS|TAMS 0x0000000085f00000| PB 0x0000000085f00000| Complete 
|  56|0x0000000086000000, 0x0000000086100000, 0x0000000086100000|100%| E|CS|TAMS 0x0000000086000000| PB 0x0000000086000000| Complete 
|  57|0x0000000086100000, 0x0000000086200000, 0x0000000086200000|100%| E|CS|TAMS 0x0000000086100000| PB 0x0000000086100000| Complete 
|  58|0x0000000086200000, 0x0000000086300000, 0x0000000086300000|100%| E|CS|TAMS 0x0000000086200000| PB 0x0000000086200000| Complete 
|  59|0x0000000086300000, 0x0000000086400000, 0x0000000086400000|100%| E|CS|TAMS 0x0000000086300000| PB 0x0000000086300000| Complete 
|  60|0x0000000086400000, 0x0000000086500000, 0x0000000086500000|100%| E|  |TAMS 0x0000000086400000| PB 0x0000000086400000| Complete 
|  61|0x0000000086500000, 0x0000000086600000, 0x0000000086600000|100%| E|CS|TAMS 0x0000000086500000| PB 0x0000000086500000| Complete 
|  62|0x0000000086600000, 0x0000000086700000, 0x0000000086700000|100%| E|CS|TAMS 0x0000000086600000| PB 0x0000000086600000| Complete 
|  63|0x0000000086700000, 0x0000000086800000, 0x0000000086800000|100%| E|CS|TAMS 0x0000000086700000| PB 0x0000000086700000| Complete 
|  64|0x0000000086800000, 0x0000000086900000, 0x0000000086900000|100%| E|CS|TAMS 0x0000000086800000| PB 0x0000000086800000| Complete 
|  65|0x0000000086900000, 0x0000000086a00000, 0x0000000086a00000|100%| E|CS|TAMS 0x0000000086900000| PB 0x0000000086900000| Complete 
|  66|0x0000000086a00000, 0x0000000086b00000, 0x0000000086b00000|100%| E|CS|TAMS 0x0000000086a00000| PB 0x0000000086a00000| Complete 
|  67|0x0000000086b00000, 0x0000000086c00000, 0x0000000086c00000|100%| E|CS|TAMS 0x0000000086b00000| PB 0x0000000086b00000| Complete 
| 103|0x0000000088f00000, 0x0000000089000000, 0x0000000089000000|100%| E|CS|TAMS 0x0000000088f00000| PB 0x0000000088f00000| Complete 
| 104|0x0000000089000000, 0x0000000089100000, 0x0000000089100000|100%| E|CS|TAMS 0x0000000089000000| PB 0x0000000089000000| Complete 
| 105|0x0000000089100000, 0x0000000089200000, 0x0000000089200000|100%| E|CS|TAMS 0x0000000089100000| PB 0x0000000089100000| Complete 
| 106|0x0000000089200000, 0x0000000089300000, 0x0000000089300000|100%| E|CS|TAMS 0x0000000089200000| PB 0x0000000089200000| Complete 
| 107|0x0000000089300000, 0x0000000089400000, 0x0000000089400000|100%| E|CS|TAMS 0x0000000089300000| PB 0x0000000089300000| Complete 
| 108|0x0000000089400000, 0x0000000089500000, 0x0000000089500000|100%| E|CS|TAMS 0x0000000089400000| PB 0x0000000089400000| Complete 
| 109|0x0000000089500000, 0x0000000089600000, 0x0000000089600000|100%| E|CS|TAMS 0x0000000089500000| PB 0x0000000089500000| Complete 
| 124|0x000000008a400000, 0x000000008a500000, 0x000000008a500000|100%| E|CS|TAMS 0x000000008a400000| PB 0x000000008a400000| Complete 
| 125|0x000000008a500000, 0x000000008a600000, 0x000000008a600000|100%| E|CS|TAMS 0x000000008a500000| PB 0x000000008a500000| Complete 

Card table byte_map: [0x0000026b29830000,0x0000026b29c20000] _byte_map_base: 0x0000026b2941c000

Marking Bits: (CMBitMap*) 0x0000026b11597b70
 Bits: [0x0000026b29c20000, 0x0000026b2bb80000)

Polling page: 0x0000026b0fc90000

Metaspace:

Usage:
  Non-class:     33.92 MB used.
      Class:      4.96 MB used.
       Both:     38.88 MB used.

Virtual space:
  Non-class space:       64.00 MB reserved,      34.25 MB ( 54%) committed,  1 nodes.
      Class space:        1.00 GB reserved,       5.19 MB ( <1%) committed,  1 nodes.
             Both:        1.06 GB reserved,      39.44 MB (  4%) committed. 

Chunk freelists:
   Non-Class:  12.84 MB
       Class:  10.75 MB
        Both:  23.59 MB

MaxMetaspaceSize: unlimited
CompressedClassSpaceSize: 1.00 GB
Initial GC threshold: 21.00 MB
Current GC threshold: 59.06 MB
CDS: on
 - commit_granule_bytes: 65536.
 - commit_granule_words: 8192.
 - virtual_space_node_default_size: 8388608.
 - enlarge_chunks_in_place: 1.
 - use_allocation_guard: 0.


Internal statistics:

num_allocs_failed_limit: 8.
num_arena_births: 834.
num_arena_deaths: 0.
num_vsnodes_births: 2.
num_vsnodes_deaths: 0.
num_space_committed: 631.
num_space_uncommitted: 0.
num_chunks_returned_to_freelist: 8.
num_chunks_taken_from_freelist: 2323.
num_chunk_merges: 8.
num_chunk_splits: 1527.
num_chunks_enlarged: 1053.
num_inconsistent_stats: 0.

CodeHeap 'non-profiled nmethods': size=120000Kb used=3170Kb max_used=3170Kb free=116829Kb
 bounds [0x0000026b214b0000, 0x0000026b217d0000, 0x0000026b289e0000]
CodeHeap 'profiled nmethods': size=120000Kb used=10099Kb max_used=10099Kb free=109900Kb
 bounds [0x0000026b199e0000, 0x0000026b1a3c0000, 0x0000026b20f10000]
CodeHeap 'non-nmethods': size=5760Kb used=1515Kb max_used=1644Kb free=4244Kb
 bounds [0x0000026b20f10000, 0x0000026b21180000, 0x0000026b214b0000]
 total_blobs=5707 nmethods=5118 adapters=493
 compilation: enabled
              stopped_count=0, restarted_count=0
 full_count=0

Compilation events (20 events):
Event: 271.774 Thread 0x0000026b2e6774b0 5527       3       org.springframework.boot.context.properties.source.FilteredConfigurationPropertiesSource::<init> (27 bytes)
Event: 271.774 Thread 0x0000026b2e663530 5524       4       org.springframework.boot.context.properties.source.SpringIterableConfigurationPropertySource::containsDescendantOf (102 bytes)
Event: 271.775 Thread 0x0000026b2e6774b0 nmethod 5527 0x0000026b1a3b9110 code [0x0000026b1a3b9300, 0x0000026b1a3b97e8]
Event: 271.779 Thread 0x0000026b2e6774b0 5529       1       org.springframework.util.MimeType::getParameters (5 bytes)
Event: 271.780 Thread 0x0000026b2e6774b0 nmethod 5529 0x0000026b217c7b10 code [0x0000026b217c7ca0, 0x0000026b217c7d68]
Event: 271.780 Thread 0x0000026b2e6774b0 5530       1       org.springframework.util.LinkedCaseInsensitiveMap::getLocale (5 bytes)
Event: 271.780 Thread 0x0000026b2e6774b0 nmethod 5530 0x0000026b217c7e10 code [0x0000026b217c7fa0, 0x0000026b217c8068]
Event: 271.781 Thread 0x0000026b2e6774b0 5531       1       org.apache.tomcat.util.buf.MessageBytes::getType (5 bytes)
Event: 271.781 Thread 0x0000026b2e6774b0 nmethod 5531 0x0000026b217c8110 code [0x0000026b217c82a0, 0x0000026b217c8368]
Event: 271.781 Thread 0x0000026b2e6774b0 5532       3       org.apache.tomcat.util.buf.ByteChunk::setBytes (31 bytes)
Event: 271.781 Thread 0x0000026b2e6774b0 nmethod 5532 0x0000026b1a3b9990 code [0x0000026b1a3b9b20, 0x0000026b1a3b9c88]
Event: 271.781 Thread 0x0000026b2e6774b0 5533       1       org.apache.coyote.Response::getWriteListener (5 bytes)
Event: 271.782 Thread 0x0000026b2e6774b0 nmethod 5533 0x0000026b217c8410 code [0x0000026b217c85a0, 0x0000026b217c8668]
Event: 271.782 Thread 0x0000026b2e6774b0 5534       3       jdk.internal.misc.Unsafe::copyMemory (33 bytes)
Event: 271.783 Thread 0x0000026b2e6774b0 nmethod 5534 0x0000026b1a3b9d10 code [0x0000026b1a3b9fe0, 0x0000026b1a3bace8]
Event: 271.783 Thread 0x0000026b2e6774b0 5536       1       org.apache.catalina.core.ContainerBase::getParent (5 bytes)
Event: 271.783 Thread 0x0000026b2e6774b0 nmethod 5536 0x0000026b217c8710 code [0x0000026b217c88a0, 0x0000026b217c8968]
Event: 271.783 Thread 0x0000026b2e6774b0 5535       3       jdk.internal.misc.Unsafe::copyMemoryChecks (21 bytes)
Event: 271.784 Thread 0x0000026b2e6774b0 nmethod 5535 0x0000026b1a3bb290 code [0x0000026b1a3bb560, 0x0000026b1a3bc260]
Event: 273.796 Thread 0x0000026b2e6774b0 5537       3       sun.nio.ch.SelectorImpl::keys (9 bytes)

GC Heap History (14 events):
Event: 0.888 GC heap before
{Heap before GC invocations=0 (full 0):
 garbage-first heap   total 129024K, used 28672K [0x0000000082800000, 0x0000000100000000)
  region size 1024K, 23 young (23552K), 0 survivors (0K)
 Metaspace       used 4351K, committed 4480K, reserved 1114112K
  class space    used 450K, committed 512K, reserved 1048576K
}
Event: 0.901 GC heap after
{Heap after GC invocations=1 (full 0):
 garbage-first heap   total 129024K, used 12885K [0x0000000082800000, 0x0000000100000000)
  region size 1024K, 3 young (3072K), 3 survivors (3072K)
 Metaspace       used 4351K, committed 4480K, reserved 1114112K
  class space    used 450K, committed 512K, reserved 1048576K
}
Event: 1.656 GC heap before
{Heap before GC invocations=1 (full 0):
 garbage-first heap   total 129024K, used 32341K [0x0000000082800000, 0x0000000100000000)
  region size 1024K, 22 young (22528K), 3 survivors (3072K)
 Metaspace       used 9183K, committed 9408K, reserved 1114112K
  class space    used 1074K, committed 1152K, reserved 1048576K
}
Event: 1.664 GC heap after
{Heap after GC invocations=2 (full 0):
 garbage-first heap   total 129024K, used 15645K [0x0000000082800000, 0x0000000100000000)
  region size 1024K, 3 young (3072K), 3 survivors (3072K)
 Metaspace       used 9183K, committed 9408K, reserved 1114112K
  class space    used 1074K, committed 1152K, reserved 1048576K
}
Event: 3.679 GC heap before
{Heap before GC invocations=2 (full 0):
 garbage-first heap   total 129024K, used 54557K [0x0000000082800000, 0x0000000100000000)
  region size 1024K, 42 young (43008K), 3 survivors (3072K)
 Metaspace       used 18495K, committed 18752K, reserved 1114112K
  class space    used 2375K, committed 2496K, reserved 1048576K
}
Event: 3.686 GC heap after
{Heap after GC invocations=3 (full 0):
 garbage-first heap   total 129024K, used 18432K [0x0000000082800000, 0x0000000100000000)
  region size 1024K, 5 young (5120K), 5 survivors (5120K)
 Metaspace       used 18495K, committed 18752K, reserved 1114112K
  class space    used 2375K, committed 2496K, reserved 1048576K
}
Event: 4.028 GC heap before
{Heap before GC invocations=3 (full 0):
 garbage-first heap   total 129024K, used 32768K [0x0000000082800000, 0x0000000100000000)
  region size 1024K, 21 young (21504K), 5 survivors (5120K)
 Metaspace       used 21233K, committed 21504K, reserved 1114112K
  class space    used 2672K, committed 2816K, reserved 1048576K
}
Event: 4.036 GC heap after
{Heap after GC invocations=4 (full 0):
 garbage-first heap   total 129024K, used 20474K [0x0000000082800000, 0x0000000100000000)
  region size 1024K, 7 young (7168K), 7 survivors (7168K)
 Metaspace       used 21233K, committed 21504K, reserved 1114112K
  class space    used 2672K, committed 2816K, reserved 1048576K
}
Event: 4.837 GC heap before
{Heap before GC invocations=5 (full 0):
 garbage-first heap   total 65536K, used 49146K [0x0000000082800000, 0x0000000100000000)
  region size 1024K, 38 young (38912K), 7 survivors (7168K)
 Metaspace       used 25718K, committed 26048K, reserved 1114112K
  class space    used 3277K, committed 3456K, reserved 1048576K
}
Event: 4.853 GC heap after
{Heap after GC invocations=6 (full 0):
 garbage-first heap   total 65536K, used 19797K [0x0000000082800000, 0x0000000100000000)
  region size 1024K, 5 young (5120K), 5 survivors (5120K)
 Metaspace       used 25718K, committed 26048K, reserved 1114112K
  class space    used 3277K, committed 3456K, reserved 1048576K
}
Event: 6.018 GC heap before
{Heap before GC invocations=6 (full 0):
 garbage-first heap   total 65536K, used 51541K [0x0000000082800000, 0x0000000100000000)
  region size 1024K, 35 young (35840K), 5 survivors (5120K)
 Metaspace       used 32106K, committed 32640K, reserved 1114112K
  class space    used 4124K, committed 4352K, reserved 1048576K
}
Event: 6.028 GC heap after
{Heap after GC invocations=7 (full 0):
 garbage-first heap   total 78848K, used 22920K [0x0000000082800000, 0x0000000100000000)
  region size 1024K, 4 young (4096K), 4 survivors (4096K)
 Metaspace       used 32106K, committed 32640K, reserved 1114112K
  class space    used 4124K, committed 4352K, reserved 1048576K
}
Event: 8.205 GC heap before
{Heap before GC invocations=7 (full 0):
 garbage-first heap   total 78848K, used 46472K [0x0000000082800000, 0x0000000100000000)
  region size 1024K, 28 young (28672K), 4 survivors (4096K)
 Metaspace       used 35637K, committed 36160K, reserved 1114112K
  class space    used 4574K, committed 4800K, reserved 1048576K
}
Event: 8.212 GC heap after
{Heap after GC invocations=8 (full 0):
 garbage-first heap   total 78848K, used 25269K [0x0000000082800000, 0x0000000100000000)
  region size 1024K, 6 young (6144K), 6 survivors (6144K)
 Metaspace       used 35637K, committed 36160K, reserved 1114112K
  class space    used 4574K, committed 4800K, reserved 1048576K
}

Dll operation events (13 events):
Event: 0.017 Loaded shared library C:\Program Files\Java\jdk-21\bin\java.dll
Event: 0.063 Loaded shared library C:\Program Files\Java\jdk-21\bin\jsvml.dll
Event: 0.219 Loaded shared library C:\Program Files\Java\jdk-21\bin\zip.dll
Event: 0.225 Loaded shared library C:\Program Files\Java\jdk-21\bin\instrument.dll
Event: 0.233 Loaded shared library C:\Program Files\Java\jdk-21\bin\net.dll
Event: 0.237 Loaded shared library C:\Program Files\Java\jdk-21\bin\nio.dll
Event: 0.245 Loaded shared library C:\Program Files\Java\jdk-21\bin\zip.dll
Event: 0.408 Loaded shared library C:\Program Files\Java\jdk-21\bin\extnet.dll
Event: 0.433 Loaded shared library C:\Program Files\Java\jdk-21\bin\verify.dll
Event: 0.441 Loaded shared library C:\Program Files\Java\jdk-21\bin\jimage.dll
Event: 4.327 Loaded shared library C:\Program Files\Java\jdk-21\bin\sunmscapi.dll
Event: 5.700 Loaded shared library C:\Program Files\Java\jdk-21\bin\management.dll
Event: 5.703 Loaded shared library C:\Program Files\Java\jdk-21\bin\management_ext.dll

Deoptimization events (20 events):
Event: 148.736 Thread 0x0000026b768a6fd0 Uncommon trap: trap_request=0xffffff76 fr.pc=0x0000026b217a390c relative=0x000000000000024c
Event: 148.736 Thread 0x0000026b768a6fd0 Uncommon trap: reason=predicate action=maybe_recompile pc=0x0000026b217a390c method=java.util.HashMap.keysToArray([Ljava/lang/Object;)[Ljava/lang/Object; @ 48 c2
Event: 148.736 Thread 0x0000026b768a6fd0 DEOPT PACKING pc=0x0000026b217a390c sp=0x000000968fdfc300
Event: 148.736 Thread 0x0000026b768a6fd0 DEOPT UNPACKING pc=0x0000026b20f646a2 sp=0x000000968fdfc2a8 mode 2
Event: 148.989 Thread 0x0000026b768a7660 Uncommon trap: trap_request=0xffffffd6 fr.pc=0x0000026b217a726c relative=0x00000000000004ac
Event: 148.989 Thread 0x0000026b768a7660 Uncommon trap: reason=array_check action=maybe_recompile pc=0x0000026b217a726c method=java.util.HashMap.keysToArray([Ljava/lang/Object;)[Ljava/lang/Object; @ 62 c2
Event: 148.989 Thread 0x0000026b768a7660 DEOPT PACKING pc=0x0000026b217a726c sp=0x000000968fefc390
Event: 148.989 Thread 0x0000026b768a7660 DEOPT UNPACKING pc=0x0000026b20f646a2 sp=0x000000968fefc318 mode 2
Event: 148.990 Thread 0x0000026b768a7660 Uncommon trap: trap_request=0xffffffd6 fr.pc=0x0000026b217a726c relative=0x00000000000004ac
Event: 148.990 Thread 0x0000026b768a7660 Uncommon trap: reason=array_check action=maybe_recompile pc=0x0000026b217a726c method=java.util.HashMap.keysToArray([Ljava/lang/Object;)[Ljava/lang/Object; @ 62 c2
Event: 148.990 Thread 0x0000026b768a7660 DEOPT PACKING pc=0x0000026b217a726c sp=0x000000968fefc0e0
Event: 148.991 Thread 0x0000026b768a7660 DEOPT UNPACKING pc=0x0000026b20f646a2 sp=0x000000968fefc068 mode 2
Event: 148.991 Thread 0x0000026b768a7660 Uncommon trap: trap_request=0xffffffd6 fr.pc=0x0000026b217a726c relative=0x00000000000004ac
Event: 148.991 Thread 0x0000026b768a7660 Uncommon trap: reason=array_check action=maybe_recompile pc=0x0000026b217a726c method=java.util.HashMap.keysToArray([Ljava/lang/Object;)[Ljava/lang/Object; @ 62 c2
Event: 148.991 Thread 0x0000026b768a7660 DEOPT PACKING pc=0x0000026b217a726c sp=0x000000968fefbe70
Event: 148.991 Thread 0x0000026b768a7660 DEOPT UNPACKING pc=0x0000026b20f646a2 sp=0x000000968fefbdf8 mode 2
Event: 148.991 Thread 0x0000026b768a7660 Uncommon trap: trap_request=0xffffffd6 fr.pc=0x0000026b217a726c relative=0x00000000000004ac
Event: 148.991 Thread 0x0000026b768a7660 Uncommon trap: reason=array_check action=maybe_recompile pc=0x0000026b217a726c method=java.util.HashMap.keysToArray([Ljava/lang/Object;)[Ljava/lang/Object; @ 62 c2
Event: 148.991 Thread 0x0000026b768a7660 DEOPT PACKING pc=0x0000026b217a726c sp=0x000000968fefbee0
Event: 148.991 Thread 0x0000026b768a7660 DEOPT UNPACKING pc=0x0000026b20f646a2 sp=0x000000968fefbe68 mode 2

Classes loaded (20 events):
Event: 32.392 Loading class sun/nio/cs/ThreadLocalCoders$2
Event: 32.392 Loading class sun/nio/cs/ThreadLocalCoders$2 done
Event: 32.392 Loading class sun/nio/cs/ISO_8859_1$Decoder
Event: 32.393 Loading class sun/nio/cs/ISO_8859_1$Decoder done
Event: 32.553 Loading class java/time/format/DateTimeFormatterBuilder$ZoneTextPrinterParser
Event: 32.553 Loading class java/time/format/DateTimeFormatterBuilder$ZoneTextPrinterParser done
Event: 32.553 Loading class java/time/format/DateTimeFormatterBuilder$ReducedPrinterParser
Event: 32.553 Loading class java/time/format/DateTimeFormatterBuilder$ReducedPrinterParser done
Event: 32.567 Loading class java/util/stream/LongStream
Event: 32.567 Loading class java/util/stream/LongStream done
Event: 32.567 Loading class java/util/stream/DoubleStream
Event: 32.567 Loading class java/util/stream/DoubleStream done
Event: 32.604 Loading class org/w3c/dom/Node
Event: 32.604 Loading class org/w3c/dom/Node done
Event: 32.604 Loading class org/w3c/dom/Document
Event: 32.604 Loading class org/w3c/dom/Document done
Event: 32.661 Loading class java/util/AbstractMap$SimpleEntry
Event: 32.661 Loading class java/util/AbstractMap$SimpleEntry done
Event: 46.511 Loading class sun/net/ConnectionResetException
Event: 46.511 Loading class sun/net/ConnectionResetException done

Classes unloaded (0 events):
No events

Classes redefined (0 events):
No events

Internal exceptions (20 events):
Event: 6.822 Thread 0x0000026b0fb66960 Exception <a 'java/lang/NoSuchMethodError'{0x0000000086792c30}: 'void java.lang.invoke.DirectMethodHandle$Holder.invokeVirtual(java.lang.Object, java.lang.Object, long)'> (0x0000000086792c30) 
thrown [s\open\src\hotspot\share\interpreter\linkResolver.cpp, line 773]
Event: 6.927 Thread 0x0000026b0fb66960 Exception <a 'java/lang/NoSuchMethodError'{0x00000000865e7780}: 'int java.lang.invoke.DirectMethodHandle$Holder.invokeStaticInit(java.lang.Object, java.lang.Object, java.lang.Object, java.lang.Object)'> (0x00000000865e7780) 
thrown [s\open\src\hotspot\share\interpreter\linkResolver.cpp, line 773]
Event: 6.975 Thread 0x0000026b0fb66960 Exception <a 'java/lang/NoSuchMethodError'{0x00000000864e1688}: 'java.lang.Object java.lang.invoke.Invokers$Holder.invoke_MT(java.lang.Object, java.lang.Object, java.lang.Object, java.lang.Object, java.lang.Object, java.lang.Object, java.lang.Object, java.lang.Object, java.lang.Object)'> (0x00000000864e1688) 
thrown [s\open\src\hotspot\share\interpreter\linkResolver.cpp, line 773]
Event: 7.088 Thread 0x0000026b0fb66960 Implicit null exception at 0x0000026b21719e72 to 0x0000026b2171ab0c
Event: 7.101 Thread 0x0000026b0fb66960 Exception <a 'java/lang/NoSuchMethodError'{0x00000000861cba90}: 'void java.lang.invoke.Invokers$Holder.invokeExact_MT(java.lang.Object, java.lang.Object, int, java.lang.Object)'> (0x00000000861cba90) 
thrown [s\open\src\hotspot\share\interpreter\linkResolver.cpp, line 773]
Event: 8.154 Thread 0x0000026b0fb66960 Implicit null exception at 0x0000026b2172ce17 to 0x0000026b2172d098
Event: 8.200 Thread 0x0000026b0fb66960 Exception <a 'java/lang/NoSuchMethodError'{0x0000000085eeee48}: 'java.lang.Object java.lang.invoke.DirectMethodHandle$Holder.invokeVirtual(java.lang.Object, java.lang.Object, java.lang.Object, java.lang.Object, java.lang.Object, java.lang.Object, java.lang.Object, java.lang.Object, java.lang.Object)'> (0x0000000085eeee48) 
thrown [s\open\src\hotspot\share\interpreter\linkResolver.cpp, line 773]
Event: 8.439 Thread 0x0000026b0fb66960 Exception <a 'java/lang/NoSuchMethodError'{0x0000000086abdee0}: 'long java.lang.invoke.DelegatingMethodHandle$Holder.reinvoke_L(java.lang.Object, java.lang.Object)'> (0x0000000086abdee0) 
thrown [s\open\src\hotspot\share\interpreter\linkResolver.cpp, line 773]
Event: 8.447 Thread 0x0000026b0fb66960 Exception <a 'java/lang/NoSuchMethodError'{0x0000000086904718}: 'int java.lang.invoke.Invokers$Holder.invokeExact_MT(java.lang.Object, java.lang.Object, java.lang.Object)'> (0x0000000086904718) 
thrown [s\open\src\hotspot\share\interpreter\linkResolver.cpp, line 773]
Event: 8.510 Thread 0x0000026b0fb66960 Exception <a 'java/lang/NoSuchMethodError'{0x0000000086723818}: 'java.lang.Object java.lang.invoke.DirectMethodHandle$Holder.newInvokeSpecial(java.lang.Object, java.lang.Object, int, java.lang.Object, java.lang.Object)'> (0x0000000086723818) 
thrown [s\open\src\hotspot\share\interpreter\linkResolver.cpp, line 773]
Event: 32.388 Thread 0x0000026b768a9dc0 Exception <a 'java/lang/NoSuchMethodError'{0x0000000086385f30}: 'java.lang.Object java.lang.invoke.DirectMethodHandle$Holder.invokeSpecial(java.lang.Object, java.lang.Object, java.lang.Object, java.lang.Object, java.lang.Object, long)'> (0x0000000086385f30) 
thrown [s\open\src\hotspot\share\interpreter\linkResolver.cpp, line 773]
Event: 32.388 Thread 0x0000026b768a9dc0 Exception <a 'java/lang/NoSuchMethodError'{0x00000000863896f0}: 'java.lang.Object java.lang.invoke.Invokers$Holder.linkToTargetMethod(java.lang.Object, java.lang.Object, java.lang.Object, long, java.lang.Object)'> (0x00000000863896f0) 
thrown [s\open\src\hotspot\share\interpreter\linkResolver.cpp, line 773]
Event: 32.499 Thread 0x0000026b768a9dc0 Exception <a 'java/lang/NoSuchMethodError'{0x00000000860560a0}: 'java.lang.Object java.lang.invoke.DirectMethodHandle$Holder.invokeSpecial(java.lang.Object, java.lang.Object, java.lang.Object, java.lang.Object, java.lang.Object, int)'> (0x00000000860560a0) 
thrown [s\open\src\hotspot\share\interpreter\linkResolver.cpp, line 773]
Event: 32.500 Thread 0x0000026b768a9dc0 Exception <a 'java/lang/NoSuchMethodError'{0x000000008605dc20}: 'java.lang.Object java.lang.invoke.DirectMethodHandle$Holder.newInvokeSpecial(java.lang.Object, java.lang.Object, java.lang.Object, java.lang.Object, java.lang.Object, int)'> (0x000000008605dc20) 
thrown [s\open\src\hotspot\share\interpreter\linkResolver.cpp, line 773]
Event: 32.500 Thread 0x0000026b768a9dc0 Exception <a 'java/lang/NoSuchMethodError'{0x0000000086061d20}: 'java.lang.Object java.lang.invoke.Invokers$Holder.linkToTargetMethod(java.lang.Object, java.lang.Object, java.lang.Object, java.lang.Object, int, java.lang.Object)'> (0x0000000086061d20) 
thrown [s\open\src\hotspot\share\interpreter\linkResolver.cpp, line 773]
Event: 46.512 Thread 0x0000026b768a6940 Exception <a 'sun/net/ConnectionResetException'{0x00000000867f8850}: Connection reset> (0x00000000867f8850) 
thrown [s\open\src\hotspot\share\prims\jni.cpp, line 539]
Event: 60.275 Thread 0x0000026b768a90a0 Exception <a 'sun/net/ConnectionResetException'{0x0000000086600290}: Connection reset> (0x0000000086600290) 
thrown [s\open\src\hotspot\share\prims\jni.cpp, line 539]
Event: 162.290 Thread 0x0000026b75d53aa0 Exception <a 'sun/net/ConnectionResetException'{0x00000000866508c0}: Connection reset> (0x00000000866508c0) 
thrown [s\open\src\hotspot\share\prims\jni.cpp, line 539]
Event: 180.024 Thread 0x0000026b768a8380 Exception <a 'sun/net/ConnectionResetException'{0x000000008544cd78}: Connection reset> (0x000000008544cd78) 
thrown [s\open\src\hotspot\share\prims\jni.cpp, line 539]
Event: 189.229 Thread 0x0000026b768a8a10 Exception <a 'sun/net/ConnectionResetException'{0x000000008534ad50}: Connection reset> (0x000000008534ad50) 
thrown [s\open\src\hotspot\share\prims\jni.cpp, line 539]

ZGC Phase Switch (0 events):
No events

VM Operations (20 events):
Event: 175.982 Executing VM operation: Cleanup
Event: 175.982 Executing VM operation: Cleanup done
Event: 194.106 Executing VM operation: Cleanup
Event: 194.106 Executing VM operation: Cleanup done
Event: 200.161 Executing VM operation: Cleanup
Event: 200.161 Executing VM operation: Cleanup done
Event: 209.216 Executing VM operation: Cleanup
Event: 209.216 Executing VM operation: Cleanup done
Event: 212.244 Executing VM operation: Cleanup
Event: 212.244 Executing VM operation: Cleanup done
Event: 214.258 Executing VM operation: Cleanup
Event: 214.258 Executing VM operation: Cleanup done
Event: 216.271 Executing VM operation: Cleanup
Event: 216.271 Executing VM operation: Cleanup done
Event: 266.632 Executing VM operation: Cleanup
Event: 266.632 Executing VM operation: Cleanup done
Event: 271.670 Executing VM operation: Cleanup
Event: 271.670 Executing VM operation: Cleanup done
Event: 272.671 Executing VM operation: Cleanup
Event: 272.672 Executing VM operation: Cleanup done

Events (20 events):
Event: 8.520 Thread 0x0000026b768a6940 Thread added: 0x0000026b768a6940
Event: 8.520 Thread 0x0000026b768a90a0 Thread added: 0x0000026b768a90a0
Event: 8.520 Thread 0x0000026b768a6fd0 Thread added: 0x0000026b768a6fd0
Event: 8.521 Thread 0x0000026b768a7660 Thread added: 0x0000026b768a7660
Event: 8.521 Thread 0x0000026b75d53aa0 Thread added: 0x0000026b75d53aa0
Event: 8.521 Thread 0x0000026b75d52d80 Thread added: 0x0000026b75d52d80
Event: 8.521 Thread 0x0000026b75d54130 Thread added: 0x0000026b75d54130
Event: 8.536 Thread 0x0000026b75d53410 Thread added: 0x0000026b75d53410
Event: 8.537 Thread 0x0000026b75d526f0 Thread added: 0x0000026b75d526f0
Event: 8.557 Thread 0x0000026b75d54e50 Thread added: 0x0000026b75d54e50
Event: 9.574 Thread 0x0000026b767d2a70 Thread exited: 0x0000026b767d2a70
Event: 9.600 Thread 0x0000026b0fb66960 Thread exited: 0x0000026b0fb66960
Event: 9.600 Thread 0x0000026b75d52060 Thread added: 0x0000026b75d52060
Event: 11.434 Thread 0x0000026b74f5e420 Thread exited: 0x0000026b74f5e420
Event: 32.424 Thread 0x0000026b778c8950 Thread added: 0x0000026b778c8950
Event: 34.543 Thread 0x0000026b778c8950 Thread exited: 0x0000026b778c8950
Event: 76.591 Thread 0x0000026b768a9730 Thread exited: 0x0000026b768a9730
Event: 78.005 Thread 0x0000026b75d54e50 Thread exited: 0x0000026b75d54e50
Event: 165.512 Thread 0x0000026b778c8280 Thread added: 0x0000026b778c8280
Event: 165.811 Thread 0x0000026b778c8280 Thread exited: 0x0000026b778c8280


Dynamic libraries:
0x00007ff61fa60000 - 0x00007ff61fa70000 	C:\Program Files\Java\jdk-21\bin\java.exe
0x00007ff8c8ca0000 - 0x00007ff8c8f08000 	C:\WINDOWS\SYSTEM32\ntdll.dll
0x00007ff8c7390000 - 0x00007ff8c7459000 	C:\WINDOWS\System32\KERNEL32.DLL
0x00007ff8c5ef0000 - 0x00007ff8c62da000 	C:\WINDOWS\System32\KERNELBASE.dll
0x00007ff8c6660000 - 0x00007ff8c67ab000 	C:\WINDOWS\System32\ucrtbase.dll
0x00007ff8ae850000 - 0x00007ff8ae869000 	C:\Program Files\Java\jdk-21\bin\jli.dll
0x00007ff8a81c0000 - 0x00007ff8a81db000 	C:\Program Files\Java\jdk-21\bin\VCRUNTIME140.dll
0x00007ff8c7bc0000 - 0x00007ff8c7c74000 	C:\WINDOWS\System32\ADVAPI32.dll
0x00007ff8c7d30000 - 0x00007ff8c7dd9000 	C:\WINDOWS\System32\msvcrt.dll
0x00007ff8c6d10000 - 0x00007ff8c6db6000 	C:\WINDOWS\System32\sechost.dll
0x00007ff8c7140000 - 0x00007ff8c7258000 	C:\WINDOWS\System32\RPCRT4.dll
0x00007ff8c8280000 - 0x00007ff8c8445000 	C:\WINDOWS\System32\USER32.dll
0x00007ff8c62e0000 - 0x00007ff8c6307000 	C:\WINDOWS\System32\win32u.dll
0x00007ff8c5060000 - 0x00007ff8c52f3000 	C:\WINDOWS\WinSxS\amd64_microsoft.windows.common-controls_6595b64144ccf1df_6.0.26100.5710_none_3e07c7e0e334d9e8\COMCTL32.dll
0x00007ff8c7310000 - 0x00007ff8c733b000 	C:\WINDOWS\System32\GDI32.dll
0x00007ff8c6530000 - 0x00007ff8c665d000 	C:\WINDOWS\System32\gdi32full.dll
0x00007ff8c5e40000 - 0x00007ff8c5ee3000 	C:\WINDOWS\System32\msvcp_win.dll
0x00007ff8c2840000 - 0x00007ff8c284b000 	C:\WINDOWS\SYSTEM32\VERSION.dll
0x00007ff8c7c80000 - 0x00007ff8c7caf000 	C:\WINDOWS\System32\IMM32.DLL
0x00007ff8a6020000 - 0x00007ff8a6112000 	C:\Program Files\Windhawk\Engine\1.6.1\64\windhawk.dll
0x00007ff8af4e0000 - 0x00007ff8af4ec000 	C:\Program Files\Java\jdk-21\bin\vcruntime140_1.dll
0x00007ff866050000 - 0x00007ff8660de000 	C:\Program Files\Java\jdk-21\bin\msvcp140.dll
0x00007ff81b180000 - 0x00007ff81be97000 	C:\Program Files\Java\jdk-21\bin\server\jvm.dll
0x00007ff8c8be0000 - 0x00007ff8c8c54000 	C:\WINDOWS\System32\WS2_32.dll
0x00007ff8c5ca0000 - 0x00007ff8c5cfe000 	C:\WINDOWS\SYSTEM32\POWRPROF.dll
0x00007ff8b2470000 - 0x00007ff8b24a5000 	C:\WINDOWS\SYSTEM32\WINMM.dll
0x00007ff8c5c80000 - 0x00007ff8c5c94000 	C:\WINDOWS\SYSTEM32\UMPDC.dll
0x00007ff8c44c0000 - 0x00007ff8c44db000 	C:\WINDOWS\SYSTEM32\kernel.appcore.dll
0x00007ff8ae840000 - 0x00007ff8ae84a000 	C:\Program Files\Java\jdk-21\bin\jimage.dll
0x00007ff8c5630000 - 0x00007ff8c5872000 	C:\WINDOWS\SYSTEM32\DBGHELP.DLL
0x00007ff8c7ee0000 - 0x00007ff8c825e000 	C:\WINDOWS\System32\combase.dll
0x00007ff8c7e00000 - 0x00007ff8c7ed8000 	C:\WINDOWS\System32\OLEAUT32.dll
0x00007ff8c5500000 - 0x00007ff8c553c000 	C:\WINDOWS\SYSTEM32\dbgcore.DLL
0x00007ff8c6490000 - 0x00007ff8c6529000 	C:\WINDOWS\System32\bcryptPrimitives.dll
0x00007ff8a8e40000 - 0x00007ff8a8e4f000 	C:\Program Files\Java\jdk-21\bin\instrument.dll
0x00007ff89dc00000 - 0x00007ff89dc1f000 	C:\Program Files\Java\jdk-21\bin\java.dll
0x00007ff8c7470000 - 0x00007ff8c7bb7000 	C:\WINDOWS\System32\SHELL32.dll
0x00007ff8c6900000 - 0x00007ff8c6a6c000 	C:\WINDOWS\System32\wintypes.dll
0x00007ff8c3360000 - 0x00007ff8c3bba000 	C:\WINDOWS\SYSTEM32\windows.storage.dll
0x00007ff8c6a70000 - 0x00007ff8c6b5f000 	C:\WINDOWS\System32\SHCORE.dll
0x00007ff8c8b70000 - 0x00007ff8c8bd3000 	C:\WINDOWS\System32\shlwapi.dll
0x00007ff8c5d60000 - 0x00007ff8c5d88000 	C:\WINDOWS\SYSTEM32\profapi.dll
0x00007ff82bce0000 - 0x00007ff82bdb7000 	C:\Program Files\Java\jdk-21\bin\jsvml.dll
0x00007ff8919a0000 - 0x00007ff8919b8000 	C:\Program Files\Java\jdk-21\bin\zip.dll
0x00007ff8a90f0000 - 0x00007ff8a9100000 	C:\Program Files\Java\jdk-21\bin\net.dll
0x00007ff8be220000 - 0x00007ff8be33e000 	C:\WINDOWS\SYSTEM32\WINHTTP.dll
0x00007ff8c49e0000 - 0x00007ff8c4a4b000 	C:\WINDOWS\system32\mswsock.dll
0x00007ff89d9d0000 - 0x00007ff89d9e6000 	C:\Program Files\Java\jdk-21\bin\nio.dll
0x00007ff89e8e0000 - 0x00007ff89e8e9000 	C:\Program Files\Java\jdk-21\bin\extnet.dll
0x00007ff8abda0000 - 0x00007ff8abdb0000 	C:\Program Files\Java\jdk-21\bin\verify.dll
0x00007ff8c3ec0000 - 0x00007ff8c3ef4000 	C:\WINDOWS\SYSTEM32\IPHLPAPI.DLL
0x00007ff8c8270000 - 0x00007ff8c827a000 	C:\WINDOWS\System32\NSI.dll
0x00007ff8c3f50000 - 0x00007ff8c4076000 	C:\WINDOWS\SYSTEM32\DNSAPI.dll
0x00007ff89fb60000 - 0x00007ff89fb6e000 	C:\Program Files\Java\jdk-21\bin\sunmscapi.dll
0x00007ff8c6310000 - 0x00007ff8c6487000 	C:\WINDOWS\System32\CRYPT32.dll
0x00007ff8c4f20000 - 0x00007ff8c4f50000 	C:\WINDOWS\SYSTEM32\ncrypt.dll
0x00007ff8c4e10000 - 0x00007ff8c4e4f000 	C:\WINDOWS\SYSTEM32\NTASN1.dll
0x00007ff8c5980000 - 0x00007ff8c599b000 	C:\WINDOWS\SYSTEM32\CRYPTSP.dll
0x00007ff8c4420000 - 0x00007ff8c445b000 	C:\WINDOWS\system32\rsaenh.dll
0x00007ff8c4a80000 - 0x00007ff8c4aab000 	C:\WINDOWS\SYSTEM32\USERENV.dll
0x00007ff8c5d30000 - 0x00007ff8c5d56000 	C:\WINDOWS\SYSTEM32\bcrypt.dll
0x00007ff8c4c10000 - 0x00007ff8c4c1c000 	C:\WINDOWS\SYSTEM32\CRYPTBASE.dll
0x00007ff89dd80000 - 0x00007ff89dd8a000 	C:\Program Files\Java\jdk-21\bin\management.dll
0x00007ff89dc50000 - 0x00007ff89dc5b000 	C:\Program Files\Java\jdk-21\bin\management_ext.dll
0x00007ff8c7cc0000 - 0x00007ff8c7cc8000 	C:\WINDOWS\System32\PSAPI.DLL
0x00007ff8a00e0000 - 0x00007ff8a00e8000 	C:\WINDOWS\system32\wshunix.dll
0x00007ff8be770000 - 0x00007ff8be77b000 	C:\Windows\System32\rasadhlp.dll
0x00007ff8bd500000 - 0x00007ff8bd586000 	C:\WINDOWS\System32\fwpuclnt.dll

dbghelp: loaded successfully - version: 4.0.5 - missing functions: none
symbol engine: initialized successfully - sym options: 0x614 - pdb path: .;C:\Program Files\Java\jdk-21\bin;C:\WINDOWS\SYSTEM32;C:\WINDOWS\WinSxS\amd64_microsoft.windows.common-controls_6595b64144ccf1df_6.0.26100.5710_none_3e07c7e0e334d9e8;C:\Program Files\Windhawk\Engine\1.6.1\64;C:\Program Files\Java\jdk-21\bin\server

VM Arguments:
jvm_args: -javaagent:C:\Program Files\JetBrains\IntelliJ IDEA Community Edition 2023.3.3\lib\idea_rt.jar=44874 -Dfile.encoding=UTF-8 -Dsun.stdout.encoding=UTF-8 -Dsun.stderr.encoding=UTF-8 
java_command: com.fitness.configserver.ConfigserverApplication
java_class_path (initial): C:\Users\asus\IdeaProjects\fitness-app-microservices-main\fitness-app-microservices-main\configserver\target\classes;C:\Users\asus\.m2\repository\org\springframework\cloud\spring-cloud-config-server\4.2.0\spring-cloud-config-server-4.2.0.jar;C:\Users\asus\.m2\repository\org\springframework\cloud\spring-cloud-config-client\4.2.0\spring-cloud-config-client-4.2.0.jar;C:\Users\asus\.m2\repository\org\springframework\boot\spring-boot-autoconfigure\3.4.3\spring-boot-autoconfigure-3.4.3.jar;C:\Users\asus\.m2\repository\org\springframework\cloud\spring-cloud-starter\4.2.0\spring-cloud-starter-4.2.0.jar;C:\Users\asus\.m2\repository\org\springframework\cloud\spring-cloud-context\4.2.0\spring-cloud-context-4.2.0.jar;C:\Users\asus\.m2\repository\org\springframework\cloud\spring-cloud-commons\4.2.0\spring-cloud-commons-4.2.0.jar;C:\Users\asus\.m2\repository\org\bouncycastle\bcprov-jdk18on\1.78.1\bcprov-jdk18on-1.78.1.jar;C:\Users\asus\.m2\repository\org\springframework\spring-web\6.2.3\spring-web-6.2.3.jar;C:\Users\asus\.m2\repository\org\springframework\spring-beans\6.2.3\spring-beans-6.2.3.jar;C:\Users\asus\.m2\repository\com\fasterxml\jackson\core\jackson-annotations\2.18.2\jackson-annotations-2.18.2.jar;C:\Users\asus\.m2\repository\com\fasterxml\jackson\core\jackson-databind\2.18.2\jackson-databind-2.18.2.jar;C:\Users\asus\.m2\repository\io\micrometer\micrometer-observation\1.14.4\micrometer-observation-1.14.4.jar;C:\Users\asus\.m2\repository\io\micrometer\micrometer-commons\1.14.4\micrometer-commons-1.14.4.jar;C:\Users\asus\.m2\repository\org\springframework\boot\spring-boot-starter-web\3.4.3\spring-boot-starter-web-3.4.3.jar;C:\Users\asus\.m2\repository\org\springframework\boot\spring-boot-starter-json\3.4.3\spring-boot-starter-json-3.4.3.jar;C:\Users\asus\.m2\repository\com\fasterxml\jackson\datatype\jackson-datatype-jdk8\2.18.2\jackson-datatype-jdk8-2.18.2.jar;C:\Users\asus\.m2\repository\com\fasterxml\jackson\datatype\jackson-datatype-jsr310\2.18.2\jackson-datatype-jsr310-2.18.2.jar;C:\Users\asus\.m2\repository\com\fasterxml\jackson\module\jackson-module-parameter-names\2.18.2\jackson-module-parameter-names-2.18.2.jar;C:\Users\asus\.m2\repository\org\springframework\boot\spring-boot-starter-tomcat\3.4.3\spring-boot-starter-tomcat-3.4.3.jar;C:\Users\asus\.m2\repository\org\apache\tomcat\embed\tomcat-embed-core\10.1.36\tomcat-embed-core-10.1.36.jar;C:\Users\asus\.m2\repository\org\apache\tomcat\embed\tomcat-embed-websocket\10.1.36\tomcat-embed-websocket-10.1.36.jar;C:\Users\asus\.m2\repository\org\springframework\spring-webmvc\6.2.3\spring-webmvc-6.2.3.jar;C:\Users\asus\.m2\repository\org\springframework\spring-aop\6.2.3\spring-aop-6.2.3.jar;C:\Users\asus\.m2\repository\org\springframework\spring-context\6.2.3\spring-context-6.2.3.jar;C:\Users\asus\.m2\repository\org\springframework\spring-expression\6.2.3\spring-expression-6.2.3.jar;C:\Users\asus\.m2\repository\org\springframework\boot\spring-boot-starter-validation\3.4.3\spring-boot-starter-validation-3.4.3.jar;C:\Users\asus\.m2\repository\org\apache\tomcat\embed\tomcat-embed-el\10.1.36\tomcat-embed-el-10.1.36.jar;C:\Users\asus\.m2\repository\org\hibernate\validator\hibernate-validator\8.0.2.Final\hibernate-validator-8.0.2.Final.jar;C:\Users\asus\.m2\repository\jakarta\validation\jakarta.validation-api\3.0.2\jakarta.validation-api-3.0.2.jar;C:\Users\asus\.m2\repository\org\jboss\logging\jboss-logging\3.6.1.Final\jboss-logging-3.6.1.Final.jar;C:\Users\asus\.m2\repository\com\fasterxml\classmate\1.7.0\classmate-1.7.0.jar;C:\Users\asus\.m2\repository\org\springframework\security\spring-security-crypto\6.4.3\spring-security-crypto-6.4.3.jar;C:\Users\asus\.m2\repository\org\apache\httpcomponents\client5\httpclient5\5.4.2\httpclient5-5.4.2.jar;C:\Users\asus\.m2\repository\org\apache\httpcomponents\core5\httpcore5\5.3.3\httpcore5-5.3.3.jar;C:\Users\asus\.m2\repository\org\apache\httpcomponents\core5\httpcore5-h2\5.3.3\httpcore5-h2-5.3.3.jar;C:\Users\asus\.m2\repository\org\slf4j\slf4j-api\2.0.16\slf4j-api-2.0.16.jar;C:\Users\asus\.m2\repository\org\eclipse\jgit\org.eclipse.jgit\6.10.0.202406032230-r\org.eclipse.jgit-6.10.0.202406032230-r.jar;C:\Users\asus\.m2\repository\com\googlecode\javaewah\JavaEWAH\1.2.3\JavaEWAH-1.2.3.jar;C:\Users\asus\.m2\repository\commons-codec\commons-codec\1.17.2\commons-codec-1.17.2.jar;C:\Users\asus\.m2\repository\org\eclipse\jgit\org.eclipse.jgit.http.apache\6.10.0.202406032230-r\org.eclipse.jgit.http.apache-6.10.0.202406032230-r.jar;C:\Users\asus\.m2\repository\org\apache\httpcomponents\httpclient\4.5.14\httpclient-4.5.14.jar;C:\Users\asus\.m2\repository\commons-logging\commons-logging\1.2\commons-logging-1.2.jar;C:\Users\asus\.m2\repository\org\apache\httpcomponents\httpcore\4.4.16\httpcore-4.4.16.jar;C:\Users\asus\.m2\repository\org\eclipse\jgit\org.eclipse.jgit.ssh.apache\6.10.0.202406032230-r\org.eclipse.jgit.ssh.apache-6.10.0.202406032230-r.jar;C:\Users\asus\.m2\repository\org\apache\sshd\sshd-osgi\2.12.1\sshd-osgi-2.12.1.jar;C:\Users\asus\.m2\repository\org\slf4j\jcl-over-slf4j\2.0.16\jcl-over-slf4j-2.0.16.jar;C:\Users\asus\.m2\repository\org\apache\sshd\sshd-sftp\2.12.1\sshd-sftp-2.12.1.jar;C:\Users\asus\.m2\repository\net\i2p\crypto\eddsa\0.3.0\eddsa-0.3.0.jar;C:\Users\asus\.m2\repository\org\yaml\snakeyaml\2.3\snakeyaml-2.3.jar;C:\Users\asus\.m2\repository\com\fasterxml\jackson\dataformat\jackson-dataformat-yaml\2.18.2\jackson-dataformat-yaml-2.18.2.jar;C:\Users\asus\.m2\repository\com\fasterxml\jackson\core\jackson-core\2.18.2\jackson-core-2.18.2.jar;C:\Users\asus\.m2\repository\org\springframework\boot\spring-boot-starter\3.4.3\spring-boot-starter-3.4.3.jar;C:\Users\asus\.m2\repository\org\springframework\boot\spring-boot\3.4.3\spring-boot-3.4.3.jar;C:\Users\asus\.m2\repository\org\springframework\boot\spring-boot-starter-logging\3.4.3\spring-boot-starter-logging-3.4.3.jar;C:\Users\asus\.m2\repository\ch\qos\logback\logback-classic\1.5.16\logback-classic-1.5.16.jar;C:\Users\asus\.m2\repository\ch\qos\logback\logback-core\1.5.16\logback-core-1.5.16.jar;C:\Users\asus\.m2\repository\org\apache\logging\log4j\log4j-to-slf4j\2.24.3\log4j-to-slf4j-2.24.3.jar;C:\Users\asus\.m2\repository\org\apache\logging\log4j\log4j-api\2.24.3\log4j-api-2.24.3.jar;C:\Users\asus\.m2\repository\org\slf4j\jul-to-slf4j\2.0.16\jul-to-slf4j-2.0.16.jar;C:\Users\asus\.m2\repository\jakarta\annotation\jakarta.annotation-api\2.1.1\jakarta.annotation-api-2.1.1.jar;C:\Users\asus\.m2\repository\org\springframework\spring-core\6.2.3\spring-core-6.2.3.jar;C:\Users\asus\.m2\repository\org\springframework\spring-jcl\6.2.3\spring-jcl-6.2.3.jar
Launcher Type: SUN_STANDARD

[Global flags]
     intx CICompilerCount                          = 4                                         {product} {ergonomic}
     uint ConcGCThreads                            = 2                                         {product} {ergonomic}
     uint G1ConcRefinementThreads                  = 8                                         {product} {ergonomic}
   size_t G1HeapRegionSize                         = 1048576                                   {product} {ergonomic}
    uintx GCDrainStackTargetSize                   = 64                                        {product} {ergonomic}
   size_t InitialHeapSize                          = 132120576                                 {product} {ergonomic}
   size_t MarkStackSize                            = 4194304                                   {product} {ergonomic}
   size_t MaxHeapSize                              = 2105540608                                {product} {ergonomic}
   size_t MaxNewSize                               = 1262485504                                {product} {ergonomic}
   size_t MinHeapDeltaBytes                        = 1048576                                   {product} {ergonomic}
   size_t MinHeapSize                              = 8388608                                   {product} {ergonomic}
    uintx NonNMethodCodeHeapSize                   = 5839372                                {pd product} {ergonomic}
    uintx NonProfiledCodeHeapSize                  = 122909434                              {pd product} {ergonomic}
    uintx ProfiledCodeHeapSize                     = 122909434                              {pd product} {ergonomic}
    uintx ReservedCodeCacheSize                    = 251658240                              {pd product} {ergonomic}
     bool SegmentedCodeCache                       = true                                      {product} {ergonomic}
   size_t SoftMaxHeapSize                          = 2105540608                             {manageable} {ergonomic}
     bool UseCompressedOops                        = true                           {product lp64_product} {ergonomic}
     bool UseG1GC                                  = true                                      {product} {ergonomic}
     bool UseLargePagesIndividualAllocation        = false                                  {pd product} {ergonomic}

Logging:
Log output configuration:
 #0: stdout all=warning uptime,level,tags foldmultilines=false
 #1: stderr all=off uptime,level,tags foldmultilines=false

Environment Variables:
PATH=C:\Program Files (x86)\VMware\VMware Workstation\bin\;C:\Program Files\Common Files\Oracle\Java\javapath;C:\WINDOWS\system32;C:\WINDOWS;C:\WINDOWS\System32\Wbem;C:\WINDOWS\System32\WindowsPowerShell\v1.0\;C:\WINDOWS\System32\OpenSSH\;C:\Program Files\dotnet\;C:\Program Files\MongoDB\Server\7.0\bin;C:\Program Files\Git\cmd;C:\Program Files\Git\bin;C:\Program Files\MySQL\MySQL Server 8.0\bin;C:\ProgramData\chocolatey\bin;C:\Program Files\Docker\Docker\resources\bin;C:\Program Files\Kubernetes\Minikube;C:\Users\asus\AppData\Local\Programs\Python\Python313;C:\Users\asus\AppData\Local\Programs\Python\Python313\Scripts;C:\Program Files\nodejs\;C:\Users\asus\Documents\stripe.exe;C:\Users\asus\Documents\stripe_1.23.3_windows_x86_64;C:\Users\asus\Downloads\apache-maven-3.9.9-bin.zip\apache-maven-3.9.9\bin;C:\Users\asus\Documents\apache-maven-3.9.9\bin;C:\WINDOWS\system32;C:\WINDOWS;C:\WINDOWS\System32\Wbem;C:\WINDOWS\System32\WindowsPowerShell\v1.0\;C:\WINDOWS\System32\OpenSSH\;C:\FOSSEE\KiCad\bin;C:\FOSSEE\eSim\nghdl\src;C:\FOSSEE\MSYS\usr\bin;C:\FOSSEE\MSYS\mingw64\bin;C:\FOSSEE\nghdl-simulator\bin;C:\Users\asus\.config\herd\bin\nvm;C:\Program Files\nodejs;C:\Users\asus\.config\herd\bin;C:\Users\asus\AppData\Local\Programs\Python\Launcher\;C:\Program Files\MySQL\MySQL Shell 8.0\bin\;C:\Users\asus\AppData\Local\Microsoft\WindowsApps;C:\Users\asus\AppData\Local\Programs\Microsoft VS Code\bin;C:\Users\asus\AppData\Local\GitHubDesktop\bin;C:\Program Files\Git\cmd;C:\Program Files\Docker\Docker\resources\bin;;C:\Users\asus\AppData\Local\Programs\oh-my-posh\bin;C:\Users\asus\AppData\Roaming\npm
USERNAME=asus
OS=Windows_NT
PROCESSOR_IDENTIFIER=Intel64 Family 6 Model 165 Stepping 2, GenuineIntel
TMP=C:\Users\asus\AppData\Local\Temp
TEMP=C:\Users\asus\AppData\Local\Temp




Periodic native trim disabled

---------------  S Y S T E M  ---------------

OS:
 Windows 11 , 64 bit Build 26100 (10.0.26100.5702)
OS uptime: 0 days 0:44 hours
Hyper-V role detected

CPU: total 8 (initial active 8) (4 cores per cpu, 2 threads per core) family 6 model 165 stepping 2 microcode 0xe0, cx8, cmov, fxsr, ht, mmx, 3dnowpref, sse, sse2, sse3, ssse3, sse4.1, sse4.2, popcnt, lzcnt, tsc, tscinvbit, avx, avx2, aes, erms, clmul, bmi1, bmi2, adx, fma, vzeroupper, clflush, clflushopt, hv, rdtscp, f16c
Processor Information for all 8 processors :
  Max Mhz: 2496, Current Mhz: 2496, Mhz Limit: 2496

Memory: 4k page, system-wide physical 8029M (724M free)
TotalPageFile size 20829M (AvailPageFile size 0M)
current process WorkingSet (physical memory assigned to process): 60M, peak: 232M
current process commit charge ("private bytes"): 240M, peak: 270M

vm_info: Java HotSpot(TM) 64-Bit Server VM (21.0.2+13-LTS-58) for windows-amd64 JRE (21.0.2+13-LTS-58), built on 2024-01-05T18:32:24Z by "mach5one" with MS VC++ 17.1 (VS2022)

END.
